#
# There is insufficient memory for the Java Runtime Environment to continue.
# Native memory allocation (malloc) failed to allocate 131088 bytes for Chunk::new
# Possible reasons:
#   The system is out of physical RAM or swap space
#   In 32 bit mode, the process size limit was hit
# Possible solutions:
#   Reduce memory load on the system
#   Increase physical memory or swap space
#   Check if swap backing store is full
#   Use 64 bit Java on a 64 bit OS
#   Decrease Java heap size (-Xmx/-Xms)
#   Decrease number of Java threads
#   Decrease Java thread stack sizes (-Xss)
#   Set larger code cache with -XX:ReservedCodeCacheSize=
# This output file may be truncated or incomplete.
#
#  Out of Memory Error (allocation.cpp:390), pid=12108, tid=0x0000000000001b90
#
# JRE version: Java(TM) SE Runtime Environment (8.0_162-b12) (build 1.8.0_162-b12)
# Java VM: Java HotSpot(TM) 64-Bit Server VM (25.162-b12 mixed mode windows-amd64 compressed oops)
# Failed to write core dump. Minidumps are not enabled by default on client versions of Windows
#

---------------  T H R E A D  ---------------

Current thread (0x000000001986e000):  JavaThread "C2 CompilerThread1" daemon [_thread_in_native, id=7056, stack(0x000000001a110000,0x000000001a210000)]

Stack: [0x000000001a110000,0x000000001a210000]
[error occurred during error reporting (printing stack bounds), id 0xc0000005]

Native frames: (J=compiled Java code, j=interpreted, Vv=VM code, C=native code)


Current CompileTask:
C2:  16315 4332       4       org.apache.catalina.startup.ContextConfig::populateJavaClassCache (79 bytes)


---------------  P R O C E S S  ---------------

Java Threads: ( => current thread )
  0x0000000019bad800 JavaThread "localhost-startStop-1" daemon [_thread_in_Java, id=4608, stack(0x000000001fdd0000,0x000000001fed0000)]
  0x000000001b431800 JavaThread "Tomcat-startStop-1" daemon [_thread_blocked, id=7984, stack(0x000000001d660000,0x000000001d760000)]
  0x0000000019945800 JavaThread "Service Thread" daemon [_thread_blocked, id=5548, stack(0x000000001a410000,0x000000001a510000)]
  0x0000000019888000 JavaThread "C1 CompilerThread3" daemon [_thread_blocked, id=11140, stack(0x000000001a310000,0x000000001a410000)]
  0x000000001987b800 JavaThread "C2 CompilerThread2" daemon [_thread_in_native, id=11000, stack(0x000000001a210000,0x000000001a310000)]
=>0x000000001986e000 JavaThread "C2 CompilerThread1" daemon [_thread_in_native, id=7056, stack(0x000000001a110000,0x000000001a210000)]
  0x000000001986c000 JavaThread "C2 CompilerThread0" daemon [_thread_in_native, id=9732, stack(0x000000001a010000,0x000000001a110000)]
  0x000000001986a800 JavaThread "Monitor Ctrl-Break" daemon [_thread_in_native, id=15172, stack(0x0000000019f10000,0x000000001a010000)]
  0x00000000197e8000 JavaThread "Attach Listener" daemon [_thread_blocked, id=12444, stack(0x0000000019e10000,0x0000000019f10000)]
  0x0000000019840000 JavaThread "Signal Dispatcher" daemon [_thread_blocked, id=16280, stack(0x0000000019d10000,0x0000000019e10000)]
  0x00000000197d0800 JavaThread "Finalizer" daemon [_thread_blocked, id=7256, stack(0x0000000019bb0000,0x0000000019cb0000)]
  0x00000000178dd800 JavaThread "Reference Handler" daemon [_thread_blocked, id=6504, stack(0x00000000196b0000,0x00000000197b0000)]
  0x0000000002862800 JavaThread "main" [_thread_blocked, id=15220, stack(0x0000000002590000,0x0000000002690000)]

Other Threads:
  0x00000000178d9800 VMThread [stack: 0x00000000195b0000,0x00000000196b0000] [id=1744]
  0x00000000198cd000 WatcherThread [stack: 0x000000001a510000,0x000000001a610000] [id=14552]

VM state:not at safepoint (normal execution)

VM Mutex/Monitor currently owned by a thread: None

Heap:
 PSYoungGen      total 149504K, used 103817K [0x00000000d5f00000, 0x00000000e3380000, 0x0000000100000000)
  eden space 132608K, 65% used [0x00000000d5f00000,0x00000000db3e3410,0x00000000de080000)
  from space 16896K, 99% used [0x00000000e2300000,0x00000000e337f1c8,0x00000000e3380000)
  to   space 11264K, 0% used [0x00000000de080000,0x00000000de080000,0x00000000deb80000)
 ParOldGen       total 73216K, used 31210K [0x0000000081c00000, 0x0000000086380000, 0x00000000d5f00000)
  object space 73216K, 42% used [0x0000000081c00000,0x0000000083a7aa00,0x0000000086380000)
 Metaspace       used 24089K, capacity 24632K, committed 24832K, reserved 1071104K
  class space    used 2802K, capacity 2967K, committed 3072K, reserved 1048576K

Card table byte_map: [0x0000000011d20000,0x0000000012120000] byte_map_base: 0x0000000011912000

Marking Bits: (ParMarkBitMap*) 0x0000000057fc0860
 Begin Bits: [0x0000000012bd0000, 0x0000000014b60000)
 End Bits:   [0x0000000014b60000, 0x0000000016af0000)

Polling page: 0x0000000000a00000

CodeCache: size=245760Kb used=13676Kb max_used=13759Kb free=232083Kb
 bounds [0x0000000002960000, 0x00000000036f0000, 0x0000000011960000]
 total_blobs=4153 nmethods=3746 adapters=319
 compilation: enabled

Compilation events (10 events):
Event: 15.516 Thread 0x0000000019888000 4338       3       java.util.zip.Inflater::finalize (5 bytes)
Event: 15.516 Thread 0x0000000019888000 nmethod 4338 0x0000000002ad3890 code [0x0000000002ad3a00, 0x0000000002ad3b88]
Event: 15.898 Thread 0x0000000019888000 4340       3       org.apache.catalina.deploy.WebXml::mergeResourceMap (167 bytes)
Event: 15.899 Thread 0x0000000019888000 nmethod 4340 0x00000000036a6a10 code [0x00000000036a6d00, 0x00000000036a8368]
Event: 15.899 Thread 0x0000000019888000 4341       1       org.apache.catalina.deploy.SessionConfig::getSessionTrackingModes (5 bytes)
Event: 15.899 Thread 0x0000000019888000 nmethod 4341 0x0000000002ac7950 code [0x0000000002ac7aa0, 0x0000000002ac7bb0]
Event: 15.910 Thread 0x0000000019888000 4342  s    3       org.apache.tomcat.util.bcel.classfile.ConstantUtf8::getCachedInstance (78 bytes)
Event: 15.911 Thread 0x0000000019888000 nmethod 4342 0x0000000002c419d0 code [0x0000000002c41c20, 0x0000000002c42aa8]
Event: 15.976 Thread 0x0000000019888000 4345       3       java.util.LinkedHashMap::afterNodeInsertion (40 bytes)
Event: 15.976 Thread 0x0000000019888000 nmethod 4345 0x00000000032a4250 code [0x00000000032a43e0, 0x00000000032a4908]

GC Heap History (10 events):
Event: 5.811 GC heap before
{Heap before GC invocations=5 (full 0):
 PSYoungGen      total 71680K, used 71656K [0x00000000d5f00000, 0x00000000daa00000, 0x0000000100000000)
  eden space 66560K, 100% used [0x00000000d5f00000,0x00000000da000000,0x00000000da000000)
  from space 5120K, 99% used [0x00000000da500000,0x00000000da9fa040,0x00000000daa00000)
  to   space 5120K, 0% used [0x00000000da000000,0x00000000da000000,0x00000000da500000)
 ParOldGen       total 87552K, used 7535K [0x0000000081c00000, 0x0000000087180000, 0x00000000d5f00000)
  object space 87552K, 8% used [0x0000000081c00000,0x000000008235bf28,0x0000000087180000)
 Metaspace       used 17707K, capacity 18106K, committed 18304K, reserved 1064960K
  class space    used 2062K, capacity 2157K, committed 2176K, reserved 1048576K
Event: 5.826 GC heap after
Heap after GC invocations=5 (full 0):
 PSYoungGen      total 71680K, used 5096K [0x00000000d5f00000, 0x00000000df600000, 0x0000000100000000)
  eden space 66560K, 0% used [0x00000000d5f00000,0x00000000d5f00000,0x00000000da000000)
  from space 5120K, 99% used [0x00000000da000000,0x00000000da4fa020,0x00000000da500000)
  to   space 10752K, 0% used [0x00000000deb80000,0x00000000deb80000,0x00000000df600000)
 ParOldGen       total 87552K, used 11722K [0x0000000081c00000, 0x0000000087180000, 0x00000000d5f00000)
  object space 87552K, 13% used [0x0000000081c00000,0x0000000082772a68,0x0000000087180000)
 Metaspace       used 17707K, capacity 18106K, committed 18304K, reserved 1064960K
  class space    used 2062K, capacity 2157K, committed 2176K, reserved 1048576K
}
Event: 8.554 GC heap before
{Heap before GC invocations=6 (full 0):
 PSYoungGen      total 71680K, used 50157K [0x00000000d5f00000, 0x00000000df600000, 0x0000000100000000)
  eden space 66560K, 67% used [0x00000000d5f00000,0x00000000d8b016a8,0x00000000da000000)
  from space 5120K, 99% used [0x00000000da000000,0x00000000da4fa020,0x00000000da500000)
  to   space 10752K, 0% used [0x00000000deb80000,0x00000000deb80000,0x00000000df600000)
 ParOldGen       total 87552K, used 11722K [0x0000000081c00000, 0x0000000087180000, 0x00000000d5f00000)
  object space 87552K, 13% used [0x0000000081c00000,0x0000000082772a68,0x0000000087180000)
 Metaspace       used 20688K, capacity 21168K, committed 21248K, reserved 1069056K
  class space    used 2424K, capacity 2560K, committed 2560K, reserved 1048576K
Event: 8.581 GC heap after
Heap after GC invocations=6 (full 0):
 PSYoungGen      total 143360K, used 9542K [0x00000000d5f00000, 0x00000000df700000, 0x0000000100000000)
  eden space 132608K, 0% used [0x00000000d5f00000,0x00000000d5f00000,0x00000000de080000)
  from space 10752K, 88% used [0x00000000deb80000,0x00000000df4d1be0,0x00000000df600000)
  to   space 11264K, 0% used [0x00000000de080000,0x00000000de080000,0x00000000deb80000)
 ParOldGen       total 87552K, used 11722K [0x0000000081c00000, 0x0000000087180000, 0x00000000d5f00000)
  object space 87552K, 13% used [0x0000000081c00000,0x0000000082772a68,0x0000000087180000)
 Metaspace       used 20688K, capacity 21168K, committed 21248K, reserved 1069056K
  class space    used 2424K, capacity 2560K, committed 2560K, reserved 1048576K
}
Event: 8.581 GC heap before
{Heap before GC invocations=7 (full 1):
 PSYoungGen      total 143360K, used 9542K [0x00000000d5f00000, 0x00000000df700000, 0x0000000100000000)
  eden space 132608K, 0% used [0x00000000d5f00000,0x00000000d5f00000,0x00000000de080000)
  from space 10752K, 88% used [0x00000000deb80000,0x00000000df4d1be0,0x00000000df600000)
  to   space 11264K, 0% used [0x00000000de080000,0x00000000de080000,0x00000000deb80000)
 ParOldGen       total 87552K, used 11722K [0x0000000081c00000, 0x0000000087180000, 0x00000000d5f00000)
  object space 87552K, 13% used [0x0000000081c00000,0x0000000082772a68,0x0000000087180000)
 Metaspace       used 20688K, capacity 21168K, committed 21248K, reserved 1069056K
  class space    used 2424K, capacity 2560K, committed 2560K, reserved 1048576K
Event: 8.707 GC heap after
Heap after GC invocations=7 (full 1):
 PSYoungGen      total 143360K, used 0K [0x00000000d5f00000, 0x00000000df700000, 0x0000000100000000)
  eden space 132608K, 0% used [0x00000000d5f00000,0x00000000d5f00000,0x00000000de080000)
  from space 10752K, 0% used [0x00000000deb80000,0x00000000deb80000,0x00000000df600000)
  to   space 11264K, 0% used [0x00000000de080000,0x00000000de080000,0x00000000deb80000)
 ParOldGen       total 73216K, used 14834K [0x0000000081c00000, 0x0000000086380000, 0x00000000d5f00000)
  object space 73216K, 20% used [0x0000000081c00000,0x0000000082a7c858,0x0000000086380000)
 Metaspace       used 20688K, capacity 21168K, committed 21248K, reserved 1069056K
  class space    used 2424K, capacity 2560K, committed 2560K, reserved 1048576K
}
Event: 13.850 GC heap before
{Heap before GC invocations=8 (full 1):
 PSYoungGen      total 143360K, used 132608K [0x00000000d5f00000, 0x00000000df700000, 0x0000000100000000)
  eden space 132608K, 100% used [0x00000000d5f00000,0x00000000de080000,0x00000000de080000)
  from space 10752K, 0% used [0x00000000deb80000,0x00000000deb80000,0x00000000df600000)
  to   space 11264K, 0% used [0x00000000de080000,0x00000000de080000,0x00000000deb80000)
 ParOldGen       total 73216K, used 14834K [0x0000000081c00000, 0x0000000086380000, 0x00000000d5f00000)
  object space 73216K, 20% used [0x0000000081c00000,0x0000000082a7c858,0x0000000086380000)
 Metaspace       used 24062K, capacity 24596K, committed 24704K, reserved 1071104K
  class space    used 2799K, capacity 2935K, committed 2944K, reserved 1048576K
Event: 13.882 GC heap after
Heap after GC invocations=8 (full 1):
 PSYoungGen      total 143872K, used 11255K [0x00000000d5f00000, 0x00000000e3380000, 0x0000000100000000)
  eden space 132608K, 0% used [0x00000000d5f00000,0x00000000d5f00000,0x00000000de080000)
  from space 11264K, 99% used [0x00000000de080000,0x00000000deb7dd68,0x00000000deb80000)
  to   space 16896K, 0% used [0x00000000e2300000,0x00000000e2300000,0x00000000e3380000)
 ParOldGen       total 73216K, used 23407K [0x0000000081c00000, 0x0000000086380000, 0x00000000d5f00000)
  object space 73216K, 31% used [0x0000000081c00000,0x00000000832dbc70,0x0000000086380000)
 Metaspace       used 24062K, capacity 24596K, committed 24704K, reserved 1071104K
  class space    used 2799K, capacity 2935K, committed 2944K, reserved 1048576K
}
Event: 15.402 GC heap before
{Heap before GC invocations=9 (full 1):
 PSYoungGen      total 143872K, used 143863K [0x00000000d5f00000, 0x00000000e3380000, 0x0000000100000000)
  eden space 132608K, 100% used [0x00000000d5f00000,0x00000000de080000,0x00000000de080000)
  from space 11264K, 99% used [0x00000000de080000,0x00000000deb7dd68,0x00000000deb80000)
  to   space 16896K, 0% used [0x00000000e2300000,0x00000000e2300000,0x00000000e3380000)
 ParOldGen       total 73216K, used 23407K [0x0000000081c00000, 0x0000000086380000, 0x00000000d5f00000)
  object space 73216K, 31% used [0x0000000081c00000,0x00000000832dbc70,0x0000000086380000)
 Metaspace       used 24087K, capacity 24632K, committed 24832K, reserved 1071104K
  class space    used 2802K, capacity 2967K, committed 3072K, reserved 1048576K
Event: 15.504 GC heap after
Heap after GC invocations=9 (full 1):
 PSYoungGen      total 149504K, used 16892K [0x00000000d5f00000, 0x00000000e3380000, 0x0000000100000000)
  eden space 132608K, 0% used [0x00000000d5f00000,0x00000000d5f00000,0x00000000de080000)
  from space 16896K, 99% used [0x00000000e2300000,0x00000000e337f1c8,0x00000000e3380000)
  to   space 11264K, 0% used [0x00000000de080000,0x00000000de080000,0x00000000deb80000)
 ParOldGen       total 73216K, used 31210K [0x0000000081c00000, 0x0000000086380000, 0x00000000d5f00000)
  object space 73216K, 42% used [0x0000000081c00000,0x0000000083a7aa00,0x0000000086380000)
 Metaspace       used 24087K, capacity 24632K, committed 24832K, reserved 1071104K
  class space    used 2802K, capacity 2967K, committed 3072K, reserved 1048576K
}

Deoptimization events (10 events):
Event: 12.906 Thread 0x0000000019bad800 Uncommon trap: reason=unloaded action=reinterpret pc=0x00000000031a97c0 method=org.apache.tomcat.util.bcel.classfile.Attribute.readAttribute(Ljava/io/DataInputStream;Lorg/apache/tomcat/util/bcel/classfile/ConstantPool;)Lorg/apache/tomcat/util/bcel/classfi
Event: 13.230 Thread 0x0000000019bad800 Uncommon trap: reason=unstable_if action=reinterpret pc=0x0000000002f70054 method=java.util.HashMap.removeNode(ILjava/lang/Object;Ljava/lang/Object;ZZ)Ljava/util/HashMap$Node; @ 71
Event: 13.560 Thread 0x0000000019bad800 Uncommon trap: reason=unloaded action=reinterpret pc=0x0000000003680e44 method=org.apache.tomcat.util.bcel.classfile.Attribute.readAttribute(Ljava/io/DataInputStream;Lorg/apache/tomcat/util/bcel/classfile/ConstantPool;)Lorg/apache/tomcat/util/bcel/classfi
Event: 13.745 Thread 0x0000000019bad800 Uncommon trap: reason=unloaded action=reinterpret pc=0x00000000036ab00c method=org.apache.tomcat.util.bcel.classfile.Attribute.readAttribute(Ljava/io/DataInputStream;Lorg/apache/tomcat/util/bcel/classfile/ConstantPool;)Lorg/apache/tomcat/util/bcel/classfi
Event: 13.882 Thread 0x00000000197d0800 Uncommon trap: reason=unstable_if action=reinterpret pc=0x0000000002d63660 method=java.util.WeakHashMap.eq(Ljava/lang/Object;Ljava/lang/Object;)Z @ 10
Event: 13.951 Thread 0x0000000019bad800 Uncommon trap: reason=unstable_if action=reinterpret pc=0x00000000035f5ea0 method=org.codehaus.plexus.classworlds.realm.Entry.matches(Ljava/lang/String;)Z @ 209
Event: 14.144 Thread 0x0000000019bad800 Uncommon trap: reason=unstable_if action=reinterpret pc=0x0000000003690c88 method=org.apache.catalina.startup.ContextConfig.getSCIsForClass(Ljava/lang/String;)Ljava/util/Set; @ 62
Event: 14.422 Thread 0x0000000019bad800 Uncommon trap: reason=unloaded action=reinterpret pc=0x00000000036cc658 method=org.apache.tomcat.util.bcel.classfile.Attribute.readAttribute(Ljava/io/DataInputStream;Lorg/apache/tomcat/util/bcel/classfile/ConstantPool;)Lorg/apache/tomcat/util/bcel/classfi
Event: 15.910 Thread 0x0000000019bad800 Uncommon trap: reason=unstable_if action=reinterpret pc=0x000000000368920c method=java.util.LinkedHashMap.afterNodeAccess(Ljava/util/HashMap$Node;)V @ 41
Event: 15.975 Thread 0x0000000019bad800 Uncommon trap: reason=unstable_if action=reinterpret pc=0x0000000002cbeea8 method=java.util.HashMap.removeNode(ILjava/lang/Object;Ljava/lang/Object;ZZ)Ljava/util/HashMap$Node; @ 71

Classes redefined (0 events):
No events

Internal exceptions (10 events):
Event: 2.344 Thread 0x0000000002862800 Implicit null exception at 0x0000000002b660d4 to 0x0000000002b66481
Event: 2.344 Thread 0x0000000002862800 Implicit null exception at 0x0000000002b4f7d6 to 0x0000000002b4fb71
Event: 2.776 Thread 0x0000000002862800 Implicit null exception at 0x0000000002fa21f7 to 0x0000000002fa2441
Event: 2.852 Thread 0x0000000002862800 Implicit null exception at 0x0000000002d49a15 to 0x0000000002d49bed
Event: 2.852 Thread 0x0000000002862800 Implicit null exception at 0x0000000002d466ef to 0x0000000002d46759
Event: 2.913 Thread 0x0000000002862800 Implicit null exception at 0x0000000002f69cc3 to 0x0000000002f6a52d
Event: 2.914 Thread 0x0000000002862800 Implicit null exception at 0x0000000002fd4e1b to 0x0000000002fd52a9
Event: 4.650 Thread 0x0000000002862800 Implicit null exception at 0x0000000003239d7d to 0x000000000323a1a5
Event: 7.712 Thread 0x0000000002862800 Exception <a 'java/io/FileNotFoundException'> (0x00000000d7f6b3d8) thrown at [C:\re\workspace\8-2-build-windows-amd64-cygwin\jdk8u162\10278\hotspot\src\share\vm\prims\jni.cpp, line 709]
Event: 15.910 Thread 0x0000000019bad800 Implicit null exception at 0x00000000036883b1 to 0x00000000036891e1

Events (10 events):
Event: 15.899 Thread 0x0000000019888000 flushing nmethod 0x0000000002c95750
Event: 15.899 Thread 0x0000000019888000 flushing nmethod 0x0000000002d21890
Event: 15.910 Thread 0x0000000019bad800 Uncommon trap: trap_request=0xffffff65 fr.pc=0x000000000368920c
Event: 15.910 Thread 0x0000000019bad800 DEOPT PACKING pc=0x000000000368920c sp=0x000000001fece6f0
Event: 15.910 Thread 0x0000000019bad800 DEOPT UNPACKING pc=0x00000000029a583b sp=0x000000001fece600 mode 2
Event: 15.975 Thread 0x0000000019bad800 Uncommon trap: trap_request=0xffffff65 fr.pc=0x0000000002cbeea8
Event: 15.975 Thread 0x0000000019bad800 DEOPT PACKING pc=0x0000000002cbeea8 sp=0x000000001fece620
Event: 15.975 Thread 0x0000000019bad800 DEOPT UNPACKING pc=0x00000000029a583b sp=0x000000001fece508 mode 2
Event: 15.977 Thread 0x0000000019888000 flushing nmethod 0x0000000002e37410
Event: 15.977 Thread 0x0000000019888000 flushing nmethod 0x0000000002e382d0


Dynamic libraries:
0x00007ff646360000 - 0x00007ff646397000 	D:\jdk\jdk1.8.0_162\bin\java.exe
0x00007ffc70400000 - 0x00007ffc705e1000 	C:\Windows\SYSTEM32\ntdll.dll
0x00007ffc6ed50000 - 0x00007ffc6ee02000 	C:\Windows\System32\KERNEL32.DLL
0x00007ffc6d3c0000 - 0x00007ffc6d633000 	C:\Windows\System32\KERNELBASE.dll
0x00007ffc6f460000 - 0x00007ffc6f501000 	C:\Windows\System32\ADVAPI32.dll
0x00007ffc6ffa0000 - 0x00007ffc7003e000 	C:\Windows\System32\msvcrt.dll
0x00007ffc70070000 - 0x00007ffc700cb000 	C:\Windows\System32\sechost.dll
0x00007ffc6f9a0000 - 0x00007ffc6fac4000 	C:\Windows\System32\RPCRT4.dll
0x00007ffc6f810000 - 0x00007ffc6f9a0000 	C:\Windows\System32\USER32.dll
0x00007ffc6d340000 - 0x00007ffc6d360000 	C:\Windows\System32\win32u.dll
0x00007ffc6ee90000 - 0x00007ffc6eeb8000 	C:\Windows\System32\GDI32.dll
0x00007ffc6d640000 - 0x00007ffc6d7d2000 	C:\Windows\System32\gdi32full.dll
0x00007ffc6d2a0000 - 0x00007ffc6d33f000 	C:\Windows\System32\msvcp_win.dll
0x00007ffc6c7d0000 - 0x00007ffc6c8ca000 	C:\Windows\System32\ucrtbase.dll
0x00007ffc60cc0000 - 0x00007ffc60f29000 	C:\Windows\WinSxS\amd64_microsoft.windows.common-controls_6595b64144ccf1df_6.0.17134.285_none_fb4297e330656775\COMCTL32.dll
0x00007ffc6eec0000 - 0x00007ffc6f1e3000 	C:\Windows\System32\combase.dll
0x00007ffc6c8d0000 - 0x00007ffc6c94a000 	C:\Windows\System32\bcryptPrimitives.dll
0x00007ffc70040000 - 0x00007ffc7006d000 	C:\Windows\System32\IMM32.DLL
0x0000000058040000 - 0x0000000058111000 	D:\jdk\jdk1.8.0_162\jre\bin\msvcr100.dll
0x00000000577a0000 - 0x0000000058040000 	D:\jdk\jdk1.8.0_162\jre\bin\server\jvm.dll
0x00007ffc6f510000 - 0x00007ffc6f518000 	C:\Windows\System32\PSAPI.DLL
0x00007ffc6a160000 - 0x00007ffc6a169000 	C:\Windows\SYSTEM32\WSOCK32.dll
0x00007ffc6a7f0000 - 0x00007ffc6a813000 	C:\Windows\SYSTEM32\WINMM.dll
0x00007ffc6fad0000 - 0x00007ffc6fb3c000 	C:\Windows\System32\WS2_32.dll
0x00007ffc64910000 - 0x00007ffc6491a000 	C:\Windows\SYSTEM32\VERSION.dll
0x00007ffc6a7c0000 - 0x00007ffc6a7ea000 	C:\Windows\SYSTEM32\winmmbase.dll
0x00007ffc6c950000 - 0x00007ffc6c999000 	C:\Windows\System32\cfgmgr32.dll
0x0000000057790000 - 0x000000005779f000 	D:\jdk\jdk1.8.0_162\jre\bin\verify.dll
0x0000000057760000 - 0x0000000057789000 	D:\jdk\jdk1.8.0_162\jre\bin\java.dll
0x0000000056a50000 - 0x0000000056a73000 	D:\jdk\jdk1.8.0_162\jre\bin\instrument.dll
0x0000000057740000 - 0x0000000057756000 	D:\jdk\jdk1.8.0_162\jre\bin\zip.dll
0x00007ffc6d890000 - 0x00007ffc6ecd0000 	C:\Windows\System32\SHELL32.dll
0x00007ffc6f530000 - 0x00007ffc6f5d9000 	C:\Windows\System32\shcore.dll
0x00007ffc6c9a0000 - 0x00007ffc6d0ad000 	C:\Windows\System32\windows.storage.dll
0x00007ffc701d0000 - 0x00007ffc70221000 	C:\Windows\System32\shlwapi.dll
0x00007ffc6c710000 - 0x00007ffc6c721000 	C:\Windows\System32\kernel.appcore.dll
0x00007ffc6c7b0000 - 0x00007ffc6c7cf000 	C:\Windows\System32\profapi.dll
0x00007ffc6c760000 - 0x00007ffc6c7ac000 	C:\Windows\System32\powrprof.dll
0x00007ffc6c730000 - 0x00007ffc6c73a000 	C:\Windows\System32\FLTLIB.DLL
0x00007ffc65c40000 - 0x00007ffc65c5a000 	D:\IntelliJ IDEA 2017.3.4\bin\breakgen64.dll
0x0000000057720000 - 0x000000005773a000 	D:\jdk\jdk1.8.0_162\jre\bin\net.dll
0x00007ffc6bf90000 - 0x00007ffc6bff6000 	C:\Windows\system32\mswsock.dll
0x00007ffc6c140000 - 0x00007ffc6c157000 	C:\Windows\SYSTEM32\CRYPTSP.dll
0x00007ffc6bb70000 - 0x00007ffc6bba3000 	C:\Windows\system32\rsaenh.dll
0x00007ffc6c270000 - 0x00007ffc6c295000 	C:\Windows\SYSTEM32\bcrypt.dll
0x00007ffc6c640000 - 0x00007ffc6c668000 	C:\Windows\SYSTEM32\USERENV.dll
0x00007ffc6c160000 - 0x00007ffc6c16b000 	C:\Windows\SYSTEM32\CRYPTBASE.dll
0x00007ffc6bd10000 - 0x00007ffc6bd48000 	C:\Windows\SYSTEM32\IPHLPAPI.DLL
0x00007ffc6f520000 - 0x00007ffc6f528000 	C:\Windows\System32\NSI.dll
0x00007ffc66460000 - 0x00007ffc66476000 	C:\Windows\SYSTEM32\dhcpcsvc6.DLL
0x00007ffc66430000 - 0x00007ffc6644a000 	C:\Windows\SYSTEM32\dhcpcsvc.DLL
0x0000000057700000 - 0x0000000057711000 	D:\jdk\jdk1.8.0_162\jre\bin\nio.dll
0x00007ffc6a9f0000 - 0x00007ffc6a9fa000 	C:\Users\zhangsanfeng\AppData\Local\Temp\jansi-1.17.1-4523803502196975981.dll
0x00007ffc65c20000 - 0x00007ffc65c2a000 	C:\Users\zhangsanfeng\AppData\Local\Temp\jansi-1.17.1-7657919757740235520.dll
0x0000000056a40000 - 0x0000000056a4d000 	D:\jdk\jdk1.8.0_162\jre\bin\management.dll

VM Arguments:
jvm_args: -Dmaven.multiModuleProjectDirectory=D:\Ideawork\FirstItem_parent\FirstItem_content_service -Dmaven.home=D:\develop\apache-maven-3.5.4 -Dclassworlds.conf=D:\develop\apache-maven-3.5.4\bin\m2.conf -javaagent:D:\IntelliJ IDEA 2017.3.4\lib\idea_rt.jar=7770:D:\IntelliJ IDEA 2017.3.4\bin -Dfile.encoding=UTF-8 
java_command: org.codehaus.classworlds.Launcher -Didea.version=2017.3.4 -s D:\develop\apache-maven-3.5.4\conf\settings.xml -Dmaven.repo.local=D:\develop\apache-maven-3.5.4\repo tomcat7:run
java_class_path (initial): D:\develop\apache-maven-3.5.4\boot\plexus-classworlds-2.5.2.jar;D:\IntelliJ IDEA 2017.3.4\lib\idea_rt.jar
Launcher Type: SUN_STANDARD

Environment Variables:
JAVA_HOME=D:\Java\jdk-9.0.4
PATH=C:\Windows\system32;C:\Windows;C:\Windows\System32\Wbem;C:\Windows\System32\WindowsPowerShell\v1.0\;C:\Windows\System32\OpenSSH\;D:\Java\jdk-9.0.4\bin;D:\develop\apache-maven-3.5.4\bin;D:\Mysql\bin;C:\Program Files\VanDyke Software\Clients\;C:\Program Files\VisualSVN Server\bin;C:\Program Files\TortoiseSVN\bin;C:\Program Files\Git\cmd;C:\Program Files\TortoiseGit\bin;C:\Users\zhangsanfeng\AppData\Local\Microsoft\WindowsApps;
USERNAME=zhangsanfeng
OS=Windows_NT
PROCESSOR_IDENTIFIER=Intel64 Family 6 Model 94 Stepping 3, GenuineIntel



---------------  S Y S T E M  ---------------

OS: Windows 10.0 , 64 bit Build 17134 (10.0.17134.1)

CPU:total 8 (initial active 8) (4 cores per cpu, 2 threads per core) family 6 model 94 stepping 3, cmov, cx8, fxsr, mmx, sse, sse2, sse3, ssse3, sse4.1, sse4.2, popcnt, avx, avx2, aes, clmul, erms, rtm, 3dnowpref, lzcnt, ht, tsc, tscinvbit, bmi1, bmi2, adx

Memory: 4k page, physical 8266572k(1685332k free), swap 18682184k(3212k free)

vm_info: Java HotSpot(TM) 64-Bit Server VM (25.162-b12) for windows-amd64 JRE (1.8.0_162-b12), built on Dec 19 2017 20:00:03 by "java_re" with MS VC++ 10.0 (VS2010)

time: Sat Sep 29 12:16:32 2018
elapsed time: 16 seconds (0d 0h 0m 16s)

