#
# There is insufficient memory for the Java Runtime Environment to continue.
# Native memory allocation (malloc) failed to allocate 480104 bytes for AllocateHeap
# Possible reasons:
#   The system is out of physical RAM or swap space
#   In 32 bit mode, the process size limit was hit
# Possible solutions:
#   Reduce memory load on the system
#   Increase physical memory or swap space
#   Check if swap backing store is full
#   Use 64 bit Java on a 64 bit OS
#   Decrease Java heap size (-Xmx/-Xms)
#   Decrease number of Java threads
#   Decrease Java thread stack sizes (-Xss)
#   Set larger code cache with -XX:ReservedCodeCacheSize=
# This output file may be truncated or incomplete.
#
#  Out of Memory Error (memory/allocation.inline.hpp:61), pid=12900, tid=0x0000000000003434
#
# JRE version:  (8.0_162-b12) (build )
# Java VM: Java HotSpot(TM) 64-Bit Server VM (25.162-b12 mixed mode windows-amd64 compressed oops)
# Failed to write core dump. Minidumps are not enabled by default on client versions of Windows
#

---------------  T H R E A D  ---------------

Current thread (0x00000000031a2800):  JavaThread "Unknown thread" [_thread_in_vm, id=13364, stack(0x0000000002f30000,0x0000000003030000)]

Stack: [0x0000000002f30000,0x0000000003030000]
[error occurred during error reporting (printing stack bounds), id 0xc0000005]

Native frames: (J=compiled Java code, j=interpreted, Vv=VM code, C=native code)


---------------  P R O C E S S  ---------------

Java Threads: ( => current thread )

Other Threads:

=>0x00000000031a2800 (exited) JavaThread "Unknown thread" [_thread_in_vm, id=13364, stack(0x0000000002f30000,0x0000000003030000)]

VM state:not at safepoint (not fully initialized)

VM Mutex/Monitor currently owned by a thread: None

GC Heap History (0 events):
No events

Deoptimization events (0 events):
No events

Classes redefined (0 events):
No events

Internal exceptions (0 events):
No events

Events (0 events):
No events


Dynamic libraries:
0x00007ff646360000 - 0x00007ff646397000 	D:\jdk\jdk1.8.0_162\bin\java.exe
0x00007ffc70400000 - 0x00007ffc705e1000 	C:\Windows\SYSTEM32\ntdll.dll
0x00007ffc6ed50000 - 0x00007ffc6ee02000 	C:\Windows\System32\KERNEL32.DLL
0x00007ffc6d3c0000 - 0x00007ffc6d633000 	C:\Windows\System32\KERNELBASE.dll
0x00007ffc6f460000 - 0x00007ffc6f501000 	C:\Windows\System32\ADVAPI32.dll
0x00007ffc6ffa0000 - 0x00007ffc7003e000 	C:\Windows\System32\msvcrt.dll
0x00007ffc70070000 - 0x00007ffc700cb000 	C:\Windows\System32\sechost.dll
0x00007ffc6f9a0000 - 0x00007ffc6fac4000 	C:\Windows\System32\RPCRT4.dll
0x00007ffc6f810000 - 0x00007ffc6f9a0000 	C:\Windows\System32\USER32.dll
0x00007ffc6d340000 - 0x00007ffc6d360000 	C:\Windows\System32\win32u.dll
0x00007ffc6ee90000 - 0x00007ffc6eeb8000 	C:\Windows\System32\GDI32.dll
0x00007ffc6d640000 - 0x00007ffc6d7d2000 	C:\Windows\System32\gdi32full.dll
0x00007ffc6d2a0000 - 0x00007ffc6d33f000 	C:\Windows\System32\msvcp_win.dll
0x00007ffc6c7d0000 - 0x00007ffc6c8ca000 	C:\Windows\System32\ucrtbase.dll
0x00007ffc60cc0000 - 0x00007ffc60f29000 	C:\Windows\WinSxS\amd64_microsoft.windows.common-controls_6595b64144ccf1df_6.0.17134.285_none_fb4297e330656775\COMCTL32.dll
0x00007ffc6eec0000 - 0x00007ffc6f1e3000 	C:\Windows\System32\combase.dll
0x00007ffc6c8d0000 - 0x00007ffc6c94a000 	C:\Windows\System32\bcryptPrimitives.dll
0x00007ffc70040000 - 0x00007ffc7006d000 	C:\Windows\System32\IMM32.DLL
0x0000000058040000 - 0x0000000058111000 	D:\jdk\jdk1.8.0_162\jre\bin\msvcr100.dll
0x00000000577a0000 - 0x0000000058040000 	D:\jdk\jdk1.8.0_162\jre\bin\server\jvm.dll
0x00007ffc6f510000 - 0x00007ffc6f518000 	C:\Windows\System32\PSAPI.DLL
0x00007ffc6a160000 - 0x00007ffc6a169000 	C:\Windows\SYSTEM32\WSOCK32.dll
0x00007ffc6a7f0000 - 0x00007ffc6a813000 	C:\Windows\SYSTEM32\WINMM.dll
0x00007ffc64910000 - 0x00007ffc6491a000 	C:\Windows\SYSTEM32\VERSION.dll
0x00007ffc6fad0000 - 0x00007ffc6fb3c000 	C:\Windows\System32\WS2_32.dll
0x00007ffc6a7c0000 - 0x00007ffc6a7ea000 	C:\Windows\SYSTEM32\WINMMBASE.dll
0x00007ffc6c950000 - 0x00007ffc6c999000 	C:\Windows\System32\cfgmgr32.dll
0x0000000057790000 - 0x000000005779f000 	D:\jdk\jdk1.8.0_162\jre\bin\verify.dll
0x0000000057760000 - 0x0000000057789000 	D:\jdk\jdk1.8.0_162\jre\bin\java.dll
0x0000000056a50000 - 0x0000000056a73000 	D:\jdk\jdk1.8.0_162\jre\bin\instrument.dll
0x0000000057740000 - 0x0000000057756000 	D:\jdk\jdk1.8.0_162\jre\bin\zip.dll

VM Arguments:
jvm_args: -Dmaven.multiModuleProjectDirectory=D:\Ideawork\FirstItem_parent\FirstItem_content_service -Dmaven.home=D:\develop\apache-maven-3.5.4 -Dclassworlds.conf=D:\develop\apache-maven-3.5.4\bin\m2.conf -javaagent:D:\IntelliJ IDEA 2017.3.4\lib\idea_rt.jar=7880:D:\IntelliJ IDEA 2017.3.4\bin -Dfile.encoding=UTF-8 
java_command: org.codehaus.classworlds.Launcher -Didea.version=2017.3.4 -s D:\develop\apache-maven-3.5.4\conf\settings.xml -Dmaven.repo.local=D:\develop\apache-maven-3.5.4\repo tomcat7:run
java_class_path (initial): D:\develop\apache-maven-3.5.4\boot\plexus-classworlds-2.5.2.jar;D:\IntelliJ IDEA 2017.3.4\lib\idea_rt.jar
Launcher Type: SUN_STANDARD

Environment Variables:
JAVA_HOME=D:\Java\jdk-9.0.4
PATH=C:\Windows\system32;C:\Windows;C:\Windows\System32\Wbem;C:\Windows\System32\WindowsPowerShell\v1.0\;C:\Windows\System32\OpenSSH\;D:\Java\jdk-9.0.4\bin;D:\develop\apache-maven-3.5.4\bin;D:\Mysql\bin;C:\Program Files\VanDyke Software\Clients\;C:\Program Files\VisualSVN Server\bin;C:\Program Files\TortoiseSVN\bin;C:\Program Files\Git\cmd;C:\Program Files\TortoiseGit\bin;C:\Users\zhangsanfeng\AppData\Local\Microsoft\WindowsApps;
USERNAME=zhangsanfeng
OS=Windows_NT
PROCESSOR_IDENTIFIER=Intel64 Family 6 Model 94 Stepping 3, GenuineIntel



---------------  S Y S T E M  ---------------

OS: Windows 10.0 , 64 bit Build 17134 (10.0.17134.1)

CPU:total 8 (initial active 8) (4 cores per cpu, 2 threads per core) family 6 model 94 stepping 3, cmov, cx8, fxsr, mmx, sse, sse2, sse3, ssse3, sse4.1, sse4.2, popcnt, avx, avx2, aes, clmul, erms, rtm, 3dnowpref, lzcnt, ht, tsc, tscinvbit, bmi1, bmi2, adx

Memory: 4k page, physical 8266572k(1911024k free), swap 18682184k(5376k free)

vm_info: Java HotSpot(TM) 64-Bit Server VM (25.162-b12) for windows-amd64 JRE (1.8.0_162-b12), built on Dec 19 2017 20:00:03 by "java_re" with MS VC++ 10.0 (VS2010)

time: Sat Sep 29 12:17:33 2018
elapsed time: 0 seconds (0d 0h 0m 0s)

