#
# There is insufficient memory for the Java Runtime Environment to continue.
# Native memory allocation (malloc) failed to allocate 131088 bytes for Chunk::new
# Possible reasons:
#   The system is out of physical RAM or swap space
#   In 32 bit mode, the process size limit was hit
# Possible solutions:
#   Reduce memory load on the system
#   Increase physical memory or swap space
#   Check if swap backing store is full
#   Use 64 bit Java on a 64 bit OS
#   Decrease Java heap size (-Xmx/-Xms)
#   Decrease number of Java threads
#   Decrease Java thread stack sizes (-Xss)
#   Set larger code cache with -XX:ReservedCodeCacheSize=
# This output file may be truncated or incomplete.
#
#  Out of Memory Error (allocation.cpp:390), pid=13424, tid=0x000000000000270c
#
# JRE version: Java(TM) SE Runtime Environment (8.0_162-b12) (build 1.8.0_162-b12)
# Java VM: Java HotSpot(TM) 64-Bit Server VM (25.162-b12 mixed mode windows-amd64 compressed oops)
# Failed to write core dump. Minidumps are not enabled by default on client versions of Windows
#

---------------  T H R E A D  ---------------

Current thread (0x00000000197b4000):  JavaThread "C2 CompilerThread0" daemon [_thread_in_native, id=9996, stack(0x0000000019f50000,0x000000001a050000)]

Stack: [0x0000000019f50000,0x000000001a050000]
[error occurred during error reporting (printing stack bounds), id 0xc0000005]

Native frames: (J=compiled Java code, j=interpreted, Vv=VM code, C=native code)


Current CompileTask:
C2:  13928 4252   !   4       org.apache.catalina.startup.ContextConfig::checkHandlesTypes (453 bytes)


---------------  P R O C E S S  ---------------

Java Threads: ( => current thread )
  0x000000001aff9800 JavaThread "localhost-startStop-1" daemon [_thread_in_native, id=12728, stack(0x000000001eb60000,0x000000001ec60000)]
  0x000000001a893800 JavaThread "Tomcat-startStop-1" daemon [_thread_blocked, id=7448, stack(0x000000001d5c0000,0x000000001d6c0000)]
  0x0000000019819800 JavaThread "Service Thread" daemon [_thread_blocked, id=15752, stack(0x000000001a350000,0x000000001a450000)]
  0x00000000197c2800 JavaThread "C1 CompilerThread3" daemon [_thread_blocked, id=8148, stack(0x000000001a250000,0x000000001a350000)]
  0x00000000197bb800 JavaThread "C2 CompilerThread2" daemon [_thread_in_native, id=9252, stack(0x000000001a150000,0x000000001a250000)]
  0x00000000197b6000 JavaThread "C2 CompilerThread1" daemon [_thread_in_native, id=11172, stack(0x000000001a050000,0x000000001a150000)]
=>0x00000000197b4000 JavaThread "C2 CompilerThread0" daemon [_thread_in_native, id=9996, stack(0x0000000019f50000,0x000000001a050000)]
  0x00000000197b2800 JavaThread "Monitor Ctrl-Break" daemon [_thread_in_native, id=14320, stack(0x0000000019e50000,0x0000000019f50000)]
  0x0000000019728000 JavaThread "Attach Listener" daemon [_thread_blocked, id=9184, stack(0x0000000019d50000,0x0000000019e50000)]
  0x0000000019727000 JavaThread "Signal Dispatcher" daemon [_thread_blocked, id=4276, stack(0x0000000019c50000,0x0000000019d50000)]
  0x0000000002889000 JavaThread "Finalizer" daemon [_thread_blocked, id=14048, stack(0x0000000019af0000,0x0000000019bf0000)]
  0x000000001780d000 JavaThread "Reference Handler" daemon [_thread_blocked, id=14208, stack(0x00000000195f0000,0x00000000196f0000)]
  0x0000000002792800 JavaThread "main" [_thread_blocked, id=5028, stack(0x0000000002590000,0x0000000002690000)]

Other Threads:
  0x0000000017809000 VMThread [stack: 0x00000000194f0000,0x00000000195f0000] [id=8120]
  0x00000000198c4000 WatcherThread [stack: 0x000000001a450000,0x000000001a550000] [id=12148]

VM state:not at safepoint (normal execution)

VM Mutex/Monitor currently owned by a thread: None

Heap:
 PSYoungGen      total 143872K, used 50366K [0x00000000d5f00000, 0x00000000df700000, 0x0000000100000000)
  eden space 132608K, 29% used [0x00000000d5f00000,0x00000000d8530700,0x00000000de080000)
  from space 11264K, 99% used [0x00000000de080000,0x00000000deb7f120,0x00000000deb80000)
  to   space 10752K, 0% used [0x00000000deb80000,0x00000000deb80000,0x00000000df600000)
 ParOldGen       total 77312K, used 23727K [0x0000000081c00000, 0x0000000086780000, 0x00000000d5f00000)
  object space 77312K, 30% used [0x0000000081c00000,0x000000008332bee0,0x0000000086780000)
 Metaspace       used 24024K, capacity 24568K, committed 24880K, reserved 1071104K
  class space    used 2804K, capacity 2997K, committed 3120K, reserved 1048576K

Card table byte_map: [0x0000000011c50000,0x0000000012050000] byte_map_base: 0x0000000011842000

Marking Bits: (ParMarkBitMap*) 0x0000000057fc0860
 Begin Bits: [0x0000000012b00000, 0x0000000014a90000)
 End Bits:   [0x0000000014a90000, 0x0000000016a20000)

Polling page: 0x0000000000870000

CodeCache: size=245760Kb used=12943Kb max_used=13139Kb free=232816Kb
 bounds [0x0000000002890000, 0x0000000003580000, 0x0000000011890000]
 total_blobs=4019 nmethods=3612 adapters=319
 compilation: enabled

Compilation events (10 events):
Event: 13.703 Thread 0x00000000197b6000 nmethod 4251 0x0000000002ba7510 code [0x0000000002ba7660, 0x0000000002ba77d8]
Event: 13.726 Thread 0x00000000197b4000 4252   !   4       org.apache.catalina.startup.ContextConfig::checkHandlesTypes (453 bytes)
Event: 13.744 Thread 0x00000000197bb800 4253       4       java.io.BufferedInputStream::fill (233 bytes)
Event: 13.746 Thread 0x00000000197bb800 nmethod 4253 0x0000000002c9c8d0 code [0x0000000002c9ca20, 0x0000000002c9cb58]
Event: 13.800 Thread 0x00000000197b6000 4254   !   4       sun.net.www.ParseUtil::decode (316 bytes)
Event: 13.802 Thread 0x00000000197b6000 nmethod 4254 0x0000000002a4d2d0 code [0x0000000002a4d420, 0x0000000002a4d598]
Event: 13.804 Thread 0x00000000197bb800 4255   !   4       org.apache.catalina.startup.ContextConfig::populateJavaClassCache (159 bytes)
Event: 13.910 Thread 0x00000000197b6000 4256       4       java.io.File::<init> (47 bytes)
Event: 13.910 Thread 0x00000000197c2800 4257       3       java.util.WeakHashMap::getEntry (72 bytes)
Event: 13.911 Thread 0x00000000197c2800 nmethod 4257 0x0000000002cf8c10 code [0x0000000002cf8de0, 0x0000000002cf9668]

GC Heap History (10 events):
Event: 5.597 GC heap before
{Heap before GC invocations=4 (full 0):
 PSYoungGen      total 38400K, used 38392K [0x00000000d5f00000, 0x00000000daa00000, 0x0000000100000000)
  eden space 33280K, 100% used [0x00000000d5f00000,0x00000000d7f80000,0x00000000d7f80000)
  from space 5120K, 99% used [0x00000000d7f80000,0x00000000d847e030,0x00000000d8480000)
  to   space 5120K, 0% used [0x00000000da500000,0x00000000da500000,0x00000000daa00000)
 ParOldGen       total 87552K, used 4303K [0x0000000081c00000, 0x0000000087180000, 0x00000000d5f00000)
  object space 87552K, 4% used [0x0000000081c00000,0x0000000082033c78,0x0000000087180000)
 Metaspace       used 16020K, capacity 16342K, committed 16640K, reserved 1064960K
  class space    used 1939K, capacity 2043K, committed 2048K, reserved 1048576K
Event: 5.654 GC heap after
Heap after GC invocations=4 (full 0):
 PSYoungGen      total 71680K, used 5096K [0x00000000d5f00000, 0x00000000daa00000, 0x0000000100000000)
  eden space 66560K, 0% used [0x00000000d5f00000,0x00000000d5f00000,0x00000000da000000)
  from space 5120K, 99% used [0x00000000da500000,0x00000000da9fa040,0x00000000daa00000)
  to   space 5120K, 0% used [0x00000000da000000,0x00000000da000000,0x00000000da500000)
 ParOldGen       total 87552K, used 7274K [0x0000000081c00000, 0x0000000087180000, 0x00000000d5f00000)
  object space 87552K, 8% used [0x0000000081c00000,0x000000008231aa30,0x0000000087180000)
 Metaspace       used 16020K, capacity 16342K, committed 16640K, reserved 1064960K
  class space    used 1939K, capacity 2043K, committed 2048K, reserved 1048576K
}
Event: 7.664 GC heap before
{Heap before GC invocations=5 (full 0):
 PSYoungGen      total 71680K, used 71656K [0x00000000d5f00000, 0x00000000daa00000, 0x0000000100000000)
  eden space 66560K, 100% used [0x00000000d5f00000,0x00000000da000000,0x00000000da000000)
  from space 5120K, 99% used [0x00000000da500000,0x00000000da9fa040,0x00000000daa00000)
  to   space 5120K, 0% used [0x00000000da000000,0x00000000da000000,0x00000000da500000)
 ParOldGen       total 87552K, used 7274K [0x0000000081c00000, 0x0000000087180000, 0x00000000d5f00000)
  object space 87552K, 8% used [0x0000000081c00000,0x000000008231aa30,0x0000000087180000)
 Metaspace       used 17651K, capacity 18058K, committed 18432K, reserved 1064960K
  class space    used 2066K, capacity 2189K, committed 2304K, reserved 1048576K
Event: 7.689 GC heap after
Heap after GC invocations=5 (full 0):
 PSYoungGen      total 71680K, used 5112K [0x00000000d5f00000, 0x00000000df600000, 0x0000000100000000)
  eden space 66560K, 0% used [0x00000000d5f00000,0x00000000d5f00000,0x00000000da000000)
  from space 5120K, 99% used [0x00000000da000000,0x00000000da4fe050,0x00000000da500000)
  to   space 10752K, 0% used [0x00000000deb80000,0x00000000deb80000,0x00000000df600000)
 ParOldGen       total 87552K, used 11540K [0x0000000081c00000, 0x0000000087180000, 0x00000000d5f00000)
  object space 87552K, 13% used [0x0000000081c00000,0x00000000827452c0,0x0000000087180000)
 Metaspace       used 17651K, capacity 18058K, committed 18432K, reserved 1064960K
  class space    used 2066K, capacity 2189K, committed 2304K, reserved 1048576K
}
Event: 9.546 GC heap before
{Heap before GC invocations=6 (full 0):
 PSYoungGen      total 71680K, used 47650K [0x00000000d5f00000, 0x00000000df600000, 0x0000000100000000)
  eden space 66560K, 63% used [0x00000000d5f00000,0x00000000d888a9a0,0x00000000da000000)
  from space 5120K, 99% used [0x00000000da000000,0x00000000da4fe050,0x00000000da500000)
  to   space 10752K, 0% used [0x00000000deb80000,0x00000000deb80000,0x00000000df600000)
 ParOldGen       total 87552K, used 11540K [0x0000000081c00000, 0x0000000087180000, 0x00000000d5f00000)
  object space 87552K, 13% used [0x0000000081c00000,0x00000000827452c0,0x0000000087180000)
 Metaspace       used 20710K, capacity 21172K, committed 21296K, reserved 1069056K
  class space    used 2431K, capacity 2590K, committed 2608K, reserved 1048576K
Event: 9.569 GC heap after
Heap after GC invocations=6 (full 0):
 PSYoungGen      total 143360K, used 9449K [0x00000000d5f00000, 0x00000000df700000, 0x0000000100000000)
  eden space 132608K, 0% used [0x00000000d5f00000,0x00000000d5f00000,0x00000000de080000)
  from space 10752K, 87% used [0x00000000deb80000,0x00000000df4ba728,0x00000000df600000)
  to   space 11264K, 0% used [0x00000000de080000,0x00000000de080000,0x00000000deb80000)
 ParOldGen       total 87552K, used 11548K [0x0000000081c00000, 0x0000000087180000, 0x00000000d5f00000)
  object space 87552K, 13% used [0x0000000081c00000,0x00000000827472c0,0x0000000087180000)
 Metaspace       used 20710K, capacity 21172K, committed 21296K, reserved 1069056K
  class space    used 2431K, capacity 2590K, committed 2608K, reserved 1048576K
}
Event: 9.569 GC heap before
{Heap before GC invocations=7 (full 1):
 PSYoungGen      total 143360K, used 9449K [0x00000000d5f00000, 0x00000000df700000, 0x0000000100000000)
  eden space 132608K, 0% used [0x00000000d5f00000,0x00000000d5f00000,0x00000000de080000)
  from space 10752K, 87% used [0x00000000deb80000,0x00000000df4ba728,0x00000000df600000)
  to   space 11264K, 0% used [0x00000000de080000,0x00000000de080000,0x00000000deb80000)
 ParOldGen       total 87552K, used 11548K [0x0000000081c00000, 0x0000000087180000, 0x00000000d5f00000)
  object space 87552K, 13% used [0x0000000081c00000,0x00000000827472c0,0x0000000087180000)
 Metaspace       used 20710K, capacity 21172K, committed 21296K, reserved 1069056K
  class space    used 2431K, capacity 2590K, committed 2608K, reserved 1048576K
Event: 9.940 GC heap after
Heap after GC invocations=7 (full 1):
 PSYoungGen      total 143360K, used 0K [0x00000000d5f00000, 0x00000000df700000, 0x0000000100000000)
  eden space 132608K, 0% used [0x00000000d5f00000,0x00000000d5f00000,0x00000000de080000)
  from space 10752K, 0% used [0x00000000deb80000,0x00000000deb80000,0x00000000df600000)
  to   space 11264K, 0% used [0x00000000de080000,0x00000000de080000,0x00000000deb80000)
 ParOldGen       total 77312K, used 14549K [0x0000000081c00000, 0x0000000086780000, 0x00000000d5f00000)
  object space 77312K, 18% used [0x0000000081c00000,0x0000000082a355f0,0x0000000086780000)
 Metaspace       used 20710K, capacity 21172K, committed 21296K, reserved 1069056K
  class space    used 2431K, capacity 2590K, committed 2608K, reserved 1048576K
}
Event: 13.175 GC heap before
{Heap before GC invocations=8 (full 1):
 PSYoungGen      total 143360K, used 132608K [0x00000000d5f00000, 0x00000000df700000, 0x0000000100000000)
  eden space 132608K, 100% used [0x00000000d5f00000,0x00000000de080000,0x00000000de080000)
  from space 10752K, 0% used [0x00000000deb80000,0x00000000deb80000,0x00000000df600000)
  to   space 11264K, 0% used [0x00000000de080000,0x00000000de080000,0x00000000deb80000)
 ParOldGen       total 77312K, used 14549K [0x0000000081c00000, 0x0000000086780000, 0x00000000d5f00000)
  object space 77312K, 18% used [0x0000000081c00000,0x0000000082a355f0,0x0000000086780000)
 Metaspace       used 24022K, capacity 24568K, committed 24880K, reserved 1071104K
  class space    used 2804K, capacity 2997K, committed 3120K, reserved 1048576K
Event: 13.252 GC heap after
Heap after GC invocations=8 (full 1):
 PSYoungGen      total 143872K, used 11260K [0x00000000d5f00000, 0x00000000df700000, 0x0000000100000000)
  eden space 132608K, 0% used [0x00000000d5f00000,0x00000000d5f00000,0x00000000de080000)
  from space 11264K, 99% used [0x00000000de080000,0x00000000deb7f120,0x00000000deb80000)
  to   space 10752K, 0% used [0x00000000deb80000,0x00000000deb80000,0x00000000df600000)
 ParOldGen       total 77312K, used 23727K [0x0000000081c00000, 0x0000000086780000, 0x00000000d5f00000)
  object space 77312K, 30% used [0x0000000081c00000,0x000000008332bee0,0x0000000086780000)
 Metaspace       used 24022K, capacity 24568K, committed 24880K, reserved 1071104K
  class space    used 2804K, capacity 2997K, committed 3120K, reserved 1048576K
}

Deoptimization events (10 events):
Event: 11.800 Thread 0x000000001aff9800 Uncommon trap: reason=unstable_if action=reinterpret pc=0x0000000002b8300c method=java.io.DataInputStream.readUTF(Ljava/io/DataInput;)Ljava/lang/String; @ 112
Event: 11.890 Thread 0x000000001aff9800 Uncommon trap: reason=unloaded action=reinterpret pc=0x0000000003044d70 method=org.apache.tomcat.util.bcel.classfile.Constant.readConstant(Ljava/io/DataInputStream;)Lorg/apache/tomcat/util/bcel/classfile/Constant; @ 146
Event: 12.115 Thread 0x000000001aff9800 Uncommon trap: reason=unloaded action=reinterpret pc=0x0000000002ac9068 method=org.apache.tomcat.util.bcel.classfile.Constant.readConstant(Ljava/io/DataInputStream;)Lorg/apache/tomcat/util/bcel/classfile/Constant; @ 164
Event: 12.115 Thread 0x000000001aff9800 Uncommon trap: reason=unstable_if action=reinterpret pc=0x0000000002ac8624 method=org.apache.tomcat.util.bcel.classfile.ConstantPool.<init>(Ljava/io/DataInputStream;)V @ 56
Event: 12.187 Thread 0x000000001aff9800 Uncommon trap: reason=unloaded action=reinterpret pc=0x0000000002e05e68 method=org.apache.tomcat.util.bcel.classfile.Attribute.readAttribute(Ljava/io/DataInputStream;Lorg/apache/tomcat/util/bcel/classfile/ConstantPool;)Lorg/apache/tomcat/util/bcel/classfi
Event: 12.388 Thread 0x000000001aff9800 Uncommon trap: reason=unstable_if action=reinterpret pc=0x0000000002b41c68 method=org.apache.tomcat.util.bcel.classfile.ConstantUtf8$1.removeEldestEntry(Ljava/util/Map$Entry;)Z @ 7
Event: 12.660 Thread 0x000000001aff9800 Uncommon trap: reason=unloaded action=reinterpret pc=0x00000000032f2024 method=org.apache.tomcat.util.bcel.classfile.Attribute.readAttribute(Ljava/io/DataInputStream;Lorg/apache/tomcat/util/bcel/classfile/ConstantPool;)Lorg/apache/tomcat/util/bcel/classfi
Event: 12.676 Thread 0x000000001aff9800 Uncommon trap: reason=unstable_if action=reinterpret pc=0x0000000003245c10 method=java.util.HashMap.removeNode(ILjava/lang/Object;Ljava/lang/Object;ZZ)Ljava/util/HashMap$Node; @ 71
Event: 12.700 Thread 0x000000001aff9800 Uncommon trap: reason=unstable_if action=reinterpret pc=0x000000000299bcc4 method=java.util.HashMap.removeNode(ILjava/lang/Object;Ljava/lang/Object;ZZ)Ljava/util/HashMap$Node; @ 71
Event: 13.253 Thread 0x0000000002889000 Uncommon trap: reason=unstable_if action=reinterpret pc=0x0000000002c9ee1c method=java.util.WeakHashMap.eq(Ljava/lang/Object;Ljava/lang/Object;)Z @ 10

Classes redefined (0 events):
No events

Internal exceptions (10 events):
Event: 3.913 Thread 0x0000000002792800 Implicit null exception at 0x000000000299ee95 to 0x000000000299f059
Event: 4.021 Thread 0x0000000002792800 Implicit null exception at 0x0000000002ad1196 to 0x0000000002ad1539
Event: 4.021 Thread 0x0000000002792800 Implicit null exception at 0x0000000002a8ded6 to 0x0000000002a8e271
Event: 4.357 Thread 0x0000000002792800 Implicit null exception at 0x0000000002c85455 to 0x0000000002c8562d
Event: 4.357 Thread 0x0000000002792800 Implicit null exception at 0x0000000002ca746f to 0x0000000002ca74d9
Event: 4.363 Thread 0x0000000002792800 Implicit null exception at 0x0000000002ec7d77 to 0x0000000002ec7fc1
Event: 4.444 Thread 0x0000000002792800 Implicit null exception at 0x0000000002e8a07d to 0x0000000002e8a8ad
Event: 4.445 Thread 0x0000000002792800 Implicit null exception at 0x0000000002d6b15b to 0x0000000002d6b5e5
Event: 6.279 Thread 0x0000000002792800 Implicit null exception at 0x00000000031519bd to 0x0000000003151de5
Event: 8.866 Thread 0x0000000002792800 Exception <a 'java/io/FileNotFoundException'> (0x00000000d7c1ea88) thrown at [C:\re\workspace\8-2-build-windows-amd64-cygwin\jdk8u162\10278\hotspot\src\share\vm\prims\jni.cpp, line 709]

Events (10 events):
Event: 13.337 Thread 0x00000000197b4000 flushing nmethod 0x0000000002e231d0
Event: 13.337 Thread 0x00000000197b4000 flushing nmethod 0x0000000002e5dbd0
Event: 13.337 Thread 0x00000000197b4000 flushing nmethod 0x0000000002e86390
Event: 13.337 Thread 0x00000000197b4000 flushing nmethod 0x0000000002e87390
Event: 13.337 Thread 0x00000000197b4000 flushing nmethod 0x0000000002e89c90
Event: 13.337 Thread 0x00000000197b4000 flushing nmethod 0x0000000002e92810
Event: 13.703 Thread 0x00000000197b6000 flushing nmethod 0x0000000002f6e9d0
Event: 13.703 Thread 0x00000000197b6000 flushing nmethod 0x0000000002fb3a10
Event: 13.746 Thread 0x00000000197bb800 flushing nmethod 0x0000000002ffb910
Event: 13.911 Thread 0x00000000197c2800 flushing nmethod 0x00000000031f7e90


Dynamic libraries:
0x00007ff646360000 - 0x00007ff646397000 	D:\jdk\jdk1.8.0_162\bin\java.exe
0x00007ffc70400000 - 0x00007ffc705e1000 	C:\Windows\SYSTEM32\ntdll.dll
0x00007ffc6ed50000 - 0x00007ffc6ee02000 	C:\Windows\System32\KERNEL32.DLL
0x00007ffc6d3c0000 - 0x00007ffc6d633000 	C:\Windows\System32\KERNELBASE.dll
0x00007ffc6f460000 - 0x00007ffc6f501000 	C:\Windows\System32\ADVAPI32.dll
0x00007ffc6ffa0000 - 0x00007ffc7003e000 	C:\Windows\System32\msvcrt.dll
0x00007ffc70070000 - 0x00007ffc700cb000 	C:\Windows\System32\sechost.dll
0x00007ffc6f9a0000 - 0x00007ffc6fac4000 	C:\Windows\System32\RPCRT4.dll
0x00007ffc6f810000 - 0x00007ffc6f9a0000 	C:\Windows\System32\USER32.dll
0x00007ffc6d340000 - 0x00007ffc6d360000 	C:\Windows\System32\win32u.dll
0x00007ffc6ee90000 - 0x00007ffc6eeb8000 	C:\Windows\System32\GDI32.dll
0x00007ffc6d640000 - 0x00007ffc6d7d2000 	C:\Windows\System32\gdi32full.dll
0x00007ffc6d2a0000 - 0x00007ffc6d33f000 	C:\Windows\System32\msvcp_win.dll
0x00007ffc6c7d0000 - 0x00007ffc6c8ca000 	C:\Windows\System32\ucrtbase.dll
0x00007ffc60cc0000 - 0x00007ffc60f29000 	C:\Windows\WinSxS\amd64_microsoft.windows.common-controls_6595b64144ccf1df_6.0.17134.285_none_fb4297e330656775\COMCTL32.dll
0x00007ffc6eec0000 - 0x00007ffc6f1e3000 	C:\Windows\System32\combase.dll
0x00007ffc6c8d0000 - 0x00007ffc6c94a000 	C:\Windows\System32\bcryptPrimitives.dll
0x00007ffc70040000 - 0x00007ffc7006d000 	C:\Windows\System32\IMM32.DLL
0x0000000058040000 - 0x0000000058111000 	D:\jdk\jdk1.8.0_162\jre\bin\msvcr100.dll
0x00000000577a0000 - 0x0000000058040000 	D:\jdk\jdk1.8.0_162\jre\bin\server\jvm.dll
0x00007ffc6f510000 - 0x00007ffc6f518000 	C:\Windows\System32\PSAPI.DLL
0x00007ffc6a7f0000 - 0x00007ffc6a813000 	C:\Windows\SYSTEM32\WINMM.dll
0x00007ffc64910000 - 0x00007ffc6491a000 	C:\Windows\SYSTEM32\VERSION.dll
0x00007ffc6a160000 - 0x00007ffc6a169000 	C:\Windows\SYSTEM32\WSOCK32.dll
0x00007ffc6a7c0000 - 0x00007ffc6a7ea000 	C:\Windows\SYSTEM32\WINMMBASE.dll
0x00007ffc6c950000 - 0x00007ffc6c999000 	C:\Windows\System32\cfgmgr32.dll
0x00007ffc6fad0000 - 0x00007ffc6fb3c000 	C:\Windows\System32\WS2_32.dll
0x0000000057790000 - 0x000000005779f000 	D:\jdk\jdk1.8.0_162\jre\bin\verify.dll
0x0000000057760000 - 0x0000000057789000 	D:\jdk\jdk1.8.0_162\jre\bin\java.dll
0x0000000056a50000 - 0x0000000056a73000 	D:\jdk\jdk1.8.0_162\jre\bin\instrument.dll
0x0000000057740000 - 0x0000000057756000 	D:\jdk\jdk1.8.0_162\jre\bin\zip.dll
0x00007ffc6d890000 - 0x00007ffc6ecd0000 	C:\Windows\System32\SHELL32.dll
0x00007ffc6f530000 - 0x00007ffc6f5d9000 	C:\Windows\System32\shcore.dll
0x00007ffc6c9a0000 - 0x00007ffc6d0ad000 	C:\Windows\System32\windows.storage.dll
0x00007ffc701d0000 - 0x00007ffc70221000 	C:\Windows\System32\shlwapi.dll
0x00007ffc6c710000 - 0x00007ffc6c721000 	C:\Windows\System32\kernel.appcore.dll
0x00007ffc6c7b0000 - 0x00007ffc6c7cf000 	C:\Windows\System32\profapi.dll
0x00007ffc6c760000 - 0x00007ffc6c7ac000 	C:\Windows\System32\powrprof.dll
0x00007ffc6c730000 - 0x00007ffc6c73a000 	C:\Windows\System32\FLTLIB.DLL
0x00007ffc65c40000 - 0x00007ffc65c5a000 	D:\IntelliJ IDEA 2017.3.4\bin\breakgen64.dll
0x0000000057720000 - 0x000000005773a000 	D:\jdk\jdk1.8.0_162\jre\bin\net.dll
0x00007ffc6bf90000 - 0x00007ffc6bff6000 	C:\Windows\system32\mswsock.dll
0x00007ffc6c140000 - 0x00007ffc6c157000 	C:\Windows\SYSTEM32\CRYPTSP.dll
0x00007ffc6bb70000 - 0x00007ffc6bba3000 	C:\Windows\system32\rsaenh.dll
0x00007ffc6c270000 - 0x00007ffc6c295000 	C:\Windows\SYSTEM32\bcrypt.dll
0x00007ffc6c640000 - 0x00007ffc6c668000 	C:\Windows\SYSTEM32\USERENV.dll
0x00007ffc6c160000 - 0x00007ffc6c16b000 	C:\Windows\SYSTEM32\CRYPTBASE.dll
0x00007ffc6bd10000 - 0x00007ffc6bd48000 	C:\Windows\SYSTEM32\IPHLPAPI.DLL
0x00007ffc6f520000 - 0x00007ffc6f528000 	C:\Windows\System32\NSI.dll
0x00007ffc66460000 - 0x00007ffc66476000 	C:\Windows\SYSTEM32\dhcpcsvc6.DLL
0x00007ffc66430000 - 0x00007ffc6644a000 	C:\Windows\SYSTEM32\dhcpcsvc.DLL
0x0000000057700000 - 0x0000000057711000 	D:\jdk\jdk1.8.0_162\jre\bin\nio.dll
0x00007ffc657e0000 - 0x00007ffc657ea000 	C:\Users\zhangsanfeng\AppData\Local\Temp\jansi-1.17.1-7075620513600394238.dll
0x00007ffc657d0000 - 0x00007ffc657da000 	C:\Users\zhangsanfeng\AppData\Local\Temp\jansi-1.17.1-6986400623446569282.dll
0x0000000056a40000 - 0x0000000056a4d000 	D:\jdk\jdk1.8.0_162\jre\bin\management.dll

VM Arguments:
jvm_args: -Dmaven.multiModuleProjectDirectory=D:\Ideawork\FirstItem_parent\FirstItem_search_service -Dmaven.home=D:\develop\apache-maven-3.5.4 -Dclassworlds.conf=D:\develop\apache-maven-3.5.4\bin\m2.conf -javaagent:D:\IntelliJ IDEA 2017.3.4\lib\idea_rt.jar=7777:D:\IntelliJ IDEA 2017.3.4\bin -Dfile.encoding=UTF-8 
java_command: org.codehaus.classworlds.Launcher -Didea.version=2017.3.4 -s D:\develop\apache-maven-3.5.4\conf\settings.xml -Dmaven.repo.local=D:\develop\apache-maven-3.5.4\repo tomcat7:run
java_class_path (initial): D:\develop\apache-maven-3.5.4\boot\plexus-classworlds-2.5.2.jar;D:\IntelliJ IDEA 2017.3.4\lib\idea_rt.jar
Launcher Type: SUN_STANDARD

Environment Variables:
JAVA_HOME=D:\Java\jdk-9.0.4
PATH=C:\Windows\system32;C:\Windows;C:\Windows\System32\Wbem;C:\Windows\System32\WindowsPowerShell\v1.0\;C:\Windows\System32\OpenSSH\;D:\Java\jdk-9.0.4\bin;D:\develop\apache-maven-3.5.4\bin;D:\Mysql\bin;C:\Program Files\VanDyke Software\Clients\;C:\Program Files\VisualSVN Server\bin;C:\Program Files\TortoiseSVN\bin;C:\Program Files\Git\cmd;C:\Program Files\TortoiseGit\bin;C:\Users\zhangsanfeng\AppData\Local\Microsoft\WindowsApps;
USERNAME=zhangsanfeng
OS=Windows_NT
PROCESSOR_IDENTIFIER=Intel64 Family 6 Model 94 Stepping 3, GenuineIntel



---------------  S Y S T E M  ---------------

OS: Windows 10.0 , 64 bit Build 17134 (10.0.17134.1)

CPU:total 8 (initial active 8) (4 cores per cpu, 2 threads per core) family 6 model 94 stepping 3, cmov, cx8, fxsr, mmx, sse, sse2, sse3, ssse3, sse4.1, sse4.2, popcnt, avx, avx2, aes, clmul, erms, rtm, 3dnowpref, lzcnt, ht, tsc, tscinvbit, bmi1, bmi2, adx

Memory: 4k page, physical 8266572k(1690960k free), swap 18682184k(2136k free)

vm_info: Java HotSpot(TM) 64-Bit Server VM (25.162-b12) for windows-amd64 JRE (1.8.0_162-b12), built on Dec 19 2017 20:00:03 by "java_re" with MS VC++ 10.0 (VS2010)

time: Sat Sep 29 12:16:32 2018
elapsed time: 13 seconds (0d 0h 0m 13s)

