#
# There is insufficient memory for the Java Runtime Environment to continue.
# Native memory allocation (malloc) failed to allocate 32784 bytes for Chunk::new
# Possible reasons:
#   The system is out of physical RAM or swap space
#   In 32 bit mode, the process size limit was hit
# Possible solutions:
#   Reduce memory load on the system
#   Increase physical memory or swap space
#   Check if swap backing store is full
#   Use 64 bit Java on a 64 bit OS
#   Decrease Java heap size (-Xmx/-Xms)
#   Decrease number of Java threads
#   Decrease Java thread stack sizes (-Xss)
#   Set larger code cache with -XX:ReservedCodeCacheSize=
# This output file may be truncated or incomplete.
#
#  Out of Memory Error (allocation.cpp:390), pid=12004, tid=0x00000000000024b0
#
# JRE version: Java(TM) SE Runtime Environment (8.0_162-b12) (build 1.8.0_162-b12)
# Java VM: Java HotSpot(TM) 64-Bit Server VM (25.162-b12 mixed mode windows-amd64 compressed oops)
# Failed to write core dump. Minidumps are not enabled by default on client versions of Windows
#

---------------  T H R E A D  ---------------

Current thread (0x000000001a4b4000):  JavaThread "C2 CompilerThread2" daemon [_thread_in_native, id=9392, stack(0x000000001adf0000,0x000000001aef0000)]

Stack: [0x000000001adf0000,0x000000001aef0000]
[error occurred during error reporting (printing stack bounds), id 0xc0000005]

Native frames: (J=compiled Java code, j=interpreted, Vv=VM code, C=native code)


Current CompileTask:
C2:  14619 4200   !   4       org.apache.catalina.startup.ContextConfig::checkHandlesTypes (453 bytes)


---------------  P R O C E S S  ---------------

Java Threads: ( => current thread )
  0x000000001b87f800 JavaThread "localhost-startStop-1" daemon [_thread_blocked, id=15952, stack(0x000000001f5e0000,0x000000001f6e0000)]
  0x000000001b2ed800 JavaThread "Tomcat-startStop-1" daemon [_thread_blocked, id=12404, stack(0x000000001f210000,0x000000001f310000)]
  0x000000001a581000 JavaThread "Service Thread" daemon [_thread_blocked, id=13568, stack(0x000000001aff0000,0x000000001b0f0000)]
  0x000000001a4b9000 JavaThread "C1 CompilerThread3" daemon [_thread_blocked, id=11576, stack(0x000000001aef0000,0x000000001aff0000)]
=>0x000000001a4b4000 JavaThread "C2 CompilerThread2" daemon [_thread_in_native, id=9392, stack(0x000000001adf0000,0x000000001aef0000)]
  0x000000001a4b0800 JavaThread "C2 CompilerThread1" daemon [_thread_in_native, id=2764, stack(0x000000001acf0000,0x000000001adf0000)]
  0x000000001a4ab000 JavaThread "C2 CompilerThread0" daemon [_thread_in_native, id=3924, stack(0x000000001abf0000,0x000000001acf0000)]
  0x000000001a4a9800 JavaThread "Monitor Ctrl-Break" daemon [_thread_in_native, id=12304, stack(0x000000001aaf0000,0x000000001abf0000)]
  0x000000001a428000 JavaThread "Attach Listener" daemon [_thread_blocked, id=9004, stack(0x000000001a9f0000,0x000000001aaf0000)]
  0x000000001a427000 JavaThread "Signal Dispatcher" daemon [_thread_blocked, id=14960, stack(0x000000001a8f0000,0x000000001a9f0000)]
  0x00000000034c9000 JavaThread "Finalizer" daemon [_thread_blocked, id=6656, stack(0x000000001a7f0000,0x000000001a8f0000)]
  0x000000001852d000 JavaThread "Reference Handler" daemon [_thread_blocked, id=15672, stack(0x000000001a2f0000,0x000000001a3f0000)]
  0x00000000033d2800 JavaThread "main" [_thread_in_native, id=14756, stack(0x0000000002da0000,0x0000000002ea0000)]

Other Threads:
  0x0000000018529000 VMThread [stack: 0x000000001a1f0000,0x000000001a2f0000] [id=10380]
  0x000000001a5ad000 WatcherThread [stack: 0x000000001b0f0000,0x000000001b1f0000] [id=15760]

VM state:not at safepoint (normal execution)

VM Mutex/Monitor currently owned by a thread: None

Heap:
 PSYoungGen      total 211456K, used 175069K [0x00000000d5f00000, 0x00000000e9600000, 0x0000000100000000)
  eden space 188416K, 80% used [0x00000000d5f00000,0x00000000df37c100,0x00000000e1700000)
  from space 23040K, 99% used [0x00000000e1700000,0x00000000e2d7b430,0x00000000e2d80000)
  to   space 32256K, 0% used [0x00000000e7680000,0x00000000e7680000,0x00000000e9600000)
 ParOldGen       total 70656K, used 45526K [0x0000000081c00000, 0x0000000086100000, 0x00000000d5f00000)
  object space 70656K, 64% used [0x0000000081c00000,0x0000000084875ab0,0x0000000086100000)
 Metaspace       used 24185K, capacity 24758K, committed 25088K, reserved 1071104K
  class space    used 2811K, capacity 2967K, committed 3072K, reserved 1048576K

Card table byte_map: [0x0000000012970000,0x0000000012d70000] byte_map_base: 0x0000000012562000

Marking Bits: (ParMarkBitMap*) 0x0000000057fc0860
 Begin Bits: [0x0000000013820000, 0x00000000157b0000)
 End Bits:   [0x00000000157b0000, 0x0000000017740000)

Polling page: 0x0000000002ea0000

CodeCache: size=245760Kb used=13206Kb max_used=13222Kb free=232553Kb
 bounds [0x00000000035b0000, 0x00000000042d0000, 0x00000000125b0000]
 total_blobs=4073 nmethods=3666 adapters=319
 compilation: enabled

Compilation events (10 events):
Event: 13.481 Thread 0x000000001a4b0800 4278  s    4       sun.net.www.protocol.file.Handler::openConnection (7 bytes)
Event: 13.549 Thread 0x000000001a4b0800 nmethod 4278 0x00000000037c1390 code [0x00000000037c15a0, 0x00000000037c30a8]
Event: 13.549 Thread 0x000000001a4b0800 4279  s!   4       sun.net.www.protocol.file.Handler::openConnection (269 bytes)
Event: 13.618 Thread 0x000000001a4b0800 nmethod 4279 0x00000000041f0590 code [0x00000000041f07a0, 0x00000000041f22a8]
Event: 13.618 Thread 0x000000001a4b0800 4274       4       java.io.File::exists (43 bytes)
Event: 13.622 Thread 0x000000001a4b0800 nmethod 4274 0x00000000037c0d90 code [0x00000000037c0ee0, 0x00000000037c10e8]
Event: 14.404 Thread 0x000000001a4b0800 4281       4       java.util.HashMap::putAll (7 bytes)
Event: 14.405 Thread 0x000000001a4b0800 nmethod 4281 0x0000000003a74450 code [0x0000000003a745a0, 0x0000000003a74628]
Event: 14.440 Thread 0x000000001a4b0800 4282       4       java.io.ExpiringCache::entryFor (57 bytes)
Event: 14.456 Thread 0x000000001a4b0800 nmethod 4282 0x0000000003a7ce90 code [0x0000000003a7d000, 0x0000000003a7d778]

GC Heap History (10 events):
Event: 7.156 GC heap before
{Heap before GC invocations=6 (full 0):
 PSYoungGen      total 71680K, used 47214K [0x00000000d5f00000, 0x00000000df600000, 0x0000000100000000)
  eden space 66560K, 63% used [0x00000000d5f00000,0x00000000d8821968,0x00000000da000000)
  from space 5120K, 99% used [0x00000000da000000,0x00000000da4fa020,0x00000000da500000)
  to   space 10752K, 0% used [0x00000000deb80000,0x00000000deb80000,0x00000000df600000)
 ParOldGen       total 87552K, used 11802K [0x0000000081c00000, 0x0000000087180000, 0x00000000d5f00000)
  object space 87552K, 13% used [0x0000000081c00000,0x00000000827868d8,0x0000000087180000)
 Metaspace       used 20679K, capacity 21156K, committed 21248K, reserved 1069056K
  class space    used 2416K, capacity 2558K, committed 2560K, reserved 1048576K
Event: 7.188 GC heap after
Heap after GC invocations=6 (full 0):
 PSYoungGen      total 143360K, used 9338K [0x00000000d5f00000, 0x00000000df700000, 0x0000000100000000)
  eden space 132608K, 0% used [0x00000000d5f00000,0x00000000d5f00000,0x00000000de080000)
  from space 10752K, 86% used [0x00000000deb80000,0x00000000df49e8b0,0x00000000df600000)
  to   space 11264K, 0% used [0x00000000de080000,0x00000000de080000,0x00000000deb80000)
 ParOldGen       total 87552K, used 11802K [0x0000000081c00000, 0x0000000087180000, 0x00000000d5f00000)
  object space 87552K, 13% used [0x0000000081c00000,0x00000000827868d8,0x0000000087180000)
 Metaspace       used 20679K, capacity 21156K, committed 21248K, reserved 1069056K
  class space    used 2416K, capacity 2558K, committed 2560K, reserved 1048576K
}
Event: 7.188 GC heap before
{Heap before GC invocations=7 (full 1):
 PSYoungGen      total 143360K, used 9338K [0x00000000d5f00000, 0x00000000df700000, 0x0000000100000000)
  eden space 132608K, 0% used [0x00000000d5f00000,0x00000000d5f00000,0x00000000de080000)
  from space 10752K, 86% used [0x00000000deb80000,0x00000000df49e8b0,0x00000000df600000)
  to   space 11264K, 0% used [0x00000000de080000,0x00000000de080000,0x00000000deb80000)
 ParOldGen       total 87552K, used 11802K [0x0000000081c00000, 0x0000000087180000, 0x00000000d5f00000)
  object space 87552K, 13% used [0x0000000081c00000,0x00000000827868d8,0x0000000087180000)
 Metaspace       used 20679K, capacity 21156K, committed 21248K, reserved 1069056K
  class space    used 2416K, capacity 2558K, committed 2560K, reserved 1048576K
Event: 7.306 GC heap after
Heap after GC invocations=7 (full 1):
 PSYoungGen      total 143360K, used 0K [0x00000000d5f00000, 0x00000000df700000, 0x0000000100000000)
  eden space 132608K, 0% used [0x00000000d5f00000,0x00000000d5f00000,0x00000000de080000)
  from space 10752K, 0% used [0x00000000deb80000,0x00000000deb80000,0x00000000df600000)
  to   space 11264K, 0% used [0x00000000de080000,0x00000000de080000,0x00000000deb80000)
 ParOldGen       total 70656K, used 14590K [0x0000000081c00000, 0x0000000086100000, 0x00000000d5f00000)
  object space 70656K, 20% used [0x0000000081c00000,0x0000000082a3fb58,0x0000000086100000)
 Metaspace       used 20679K, capacity 21156K, committed 21248K, reserved 1069056K
  class space    used 2416K, capacity 2558K, committed 2560K, reserved 1048576K
}
Event: 9.637 GC heap before
{Heap before GC invocations=8 (full 1):
 PSYoungGen      total 143360K, used 132608K [0x00000000d5f00000, 0x00000000df700000, 0x0000000100000000)
  eden space 132608K, 100% used [0x00000000d5f00000,0x00000000de080000,0x00000000de080000)
  from space 10752K, 0% used [0x00000000deb80000,0x00000000deb80000,0x00000000df600000)
  to   space 11264K, 0% used [0x00000000de080000,0x00000000de080000,0x00000000deb80000)
 ParOldGen       total 70656K, used 14590K [0x0000000081c00000, 0x0000000086100000, 0x00000000d5f00000)
  object space 70656K, 20% used [0x0000000081c00000,0x0000000082a3fb58,0x0000000086100000)
 Metaspace       used 24140K, capacity 24694K, committed 24832K, reserved 1071104K
  class space    used 2804K, capacity 2967K, committed 3072K, reserved 1048576K
Event: 9.667 GC heap after
Heap after GC invocations=8 (full 1):
 PSYoungGen      total 143872K, used 11249K [0x00000000d5f00000, 0x00000000e3e00000, 0x0000000100000000)
  eden space 132608K, 0% used [0x00000000d5f00000,0x00000000d5f00000,0x00000000de080000)
  from space 11264K, 99% used [0x00000000de080000,0x00000000deb7c5d8,0x00000000deb80000)
  to   space 16896K, 0% used [0x00000000e2d80000,0x00000000e2d80000,0x00000000e3e00000)
 ParOldGen       total 70656K, used 23197K [0x0000000081c00000, 0x0000000086100000, 0x00000000d5f00000)
  object space 70656K, 32% used [0x0000000081c00000,0x00000000832a7670,0x0000000086100000)
 Metaspace       used 24140K, capacity 24694K, committed 24832K, reserved 1071104K
  class space    used 2804K, capacity 2967K, committed 3072K, reserved 1048576K
}
Event: 11.208 GC heap before
{Heap before GC invocations=9 (full 1):
 PSYoungGen      total 143872K, used 143857K [0x00000000d5f00000, 0x00000000e3e00000, 0x0000000100000000)
  eden space 132608K, 100% used [0x00000000d5f00000,0x00000000de080000,0x00000000de080000)
  from space 11264K, 99% used [0x00000000de080000,0x00000000deb7c5d8,0x00000000deb80000)
  to   space 16896K, 0% used [0x00000000e2d80000,0x00000000e2d80000,0x00000000e3e00000)
 ParOldGen       total 70656K, used 23197K [0x0000000081c00000, 0x0000000086100000, 0x00000000d5f00000)
  object space 70656K, 32% used [0x0000000081c00000,0x00000000832a7670,0x0000000086100000)
 Metaspace       used 24153K, capacity 24694K, committed 24832K, reserved 1071104K
  class space    used 2805K, capacity 2967K, committed 3072K, reserved 1048576K
Event: 11.235 GC heap after
Heap after GC invocations=9 (full 1):
 PSYoungGen      total 205312K, used 16894K [0x00000000d5f00000, 0x00000000e4c00000, 0x0000000100000000)
  eden space 188416K, 0% used [0x00000000d5f00000,0x00000000d5f00000,0x00000000e1700000)
  from space 16896K, 99% used [0x00000000e2d80000,0x00000000e3dff9a8,0x00000000e3e00000)
  to   space 23040K, 0% used [0x00000000e1700000,0x00000000e1700000,0x00000000e2d80000)
 ParOldGen       total 70656K, used 31506K [0x0000000081c00000, 0x0000000086100000, 0x00000000d5f00000)
  object space 70656K, 44% used [0x0000000081c00000,0x0000000083ac4a58,0x0000000086100000)
 Metaspace       used 24153K, capacity 24694K, committed 24832K, reserved 1071104K
  class space    used 2805K, capacity 2967K, committed 3072K, reserved 1048576K
}
Event: 12.920 GC heap before
{Heap before GC invocations=10 (full 1):
 PSYoungGen      total 205312K, used 205310K [0x00000000d5f00000, 0x00000000e4c00000, 0x0000000100000000)
  eden space 188416K, 100% used [0x00000000d5f00000,0x00000000e1700000,0x00000000e1700000)
  from space 16896K, 99% used [0x00000000e2d80000,0x00000000e3dff9a8,0x00000000e3e00000)
  to   space 23040K, 0% used [0x00000000e1700000,0x00000000e1700000,0x00000000e2d80000)
 ParOldGen       total 70656K, used 31506K [0x0000000081c00000, 0x0000000086100000, 0x00000000d5f00000)
  object space 70656K, 44% used [0x0000000081c00000,0x0000000083ac4a58,0x0000000086100000)
 Metaspace       used 24159K, capacity 24694K, committed 24832K, reserved 1071104K
  class space    used 2806K, capacity 2967K, committed 3072K, reserved 1048576K
Event: 12.998 GC heap after
Heap after GC invocations=10 (full 1):
 PSYoungGen      total 211456K, used 23021K [0x00000000d5f00000, 0x00000000e9600000, 0x0000000100000000)
  eden space 188416K, 0% used [0x00000000d5f00000,0x00000000d5f00000,0x00000000e1700000)
  from space 23040K, 99% used [0x00000000e1700000,0x00000000e2d7b430,0x00000000e2d80000)
  to   space 32256K, 0% used [0x00000000e7680000,0x00000000e7680000,0x00000000e9600000)
 ParOldGen       total 70656K, used 45526K [0x0000000081c00000, 0x0000000086100000, 0x00000000d5f00000)
  object space 70656K, 64% used [0x0000000081c00000,0x0000000084875ab0,0x0000000086100000)
 Metaspace       used 24159K, capacity 24694K, committed 24832K, reserved 1071104K
  class space    used 2806K, capacity 2967K, committed 3072K, reserved 1048576K
}

Deoptimization events (10 events):
Event: 8.373 Thread 0x000000001b87f800 Uncommon trap: reason=unstable_if action=reinterpret pc=0x00000000042120a8 method=org.codehaus.plexus.classworlds.realm.Entry.matches(Ljava/lang/String;)Z @ 209
Event: 8.518 Thread 0x000000001b87f800 Uncommon trap: reason=unstable_if action=reinterpret pc=0x000000000371edf8 method=org.apache.tomcat.util.bcel.classfile.ConstantUtf8.getCachedInstance(Ljava/lang/String;)Lorg/apache/tomcat/util/bcel/classfile/ConstantUtf8; @ 7
Event: 8.575 Thread 0x000000001b87f800 Uncommon trap: reason=unstable_if action=reinterpret pc=0x000000000388b678 method=java.io.DataInputStream.readUTF(Ljava/io/DataInput;)Ljava/lang/String; @ 112
Event: 8.914 Thread 0x000000001b87f800 Uncommon trap: reason=unstable_if action=reinterpret pc=0x000000000393f458 method=org.apache.tomcat.util.bcel.classfile.ConstantUtf8$1.removeEldestEntry(Ljava/util/Map$Entry;)Z @ 7
Event: 8.997 Thread 0x000000001b87f800 Uncommon trap: reason=unloaded action=reinterpret pc=0x00000000036ef5d0 method=org.apache.tomcat.util.bcel.classfile.Attribute.readAttribute(Ljava/io/DataInputStream;Lorg/apache/tomcat/util/bcel/classfile/ConstantPool;)Lorg/apache/tomcat/util/bcel/classfi
Event: 9.367 Thread 0x000000001b87f800 Uncommon trap: reason=unstable_if action=reinterpret pc=0x0000000003c748ac method=java.util.HashMap.removeNode(ILjava/lang/Object;Ljava/lang/Object;ZZ)Ljava/util/HashMap$Node; @ 71
Event: 9.667 Thread 0x00000000034c9000 Uncommon trap: reason=unstable_if action=reinterpret pc=0x00000000039b315c method=java.util.WeakHashMap.eq(Ljava/lang/Object;Ljava/lang/Object;)Z @ 10
Event: 10.303 Thread 0x000000001b87f800 Uncommon trap: reason=unstable_if action=reinterpret pc=0x0000000003e56ca4 method=java.util.LinkedHashMap.afterNodeAccess(Ljava/util/HashMap$Node;)V @ 41
Event: 11.791 Thread 0x000000001b87f800 Uncommon trap: reason=unloaded action=reinterpret pc=0x0000000003c96288 method=org.apache.tomcat.util.bcel.classfile.Attribute.readAttribute(Ljava/io/DataInputStream;Lorg/apache/tomcat/util/bcel/classfile/ConstantPool;)Lorg/apache/tomcat/util/bcel/classfi
Event: 13.239 Thread 0x000000001b87f800 Uncommon trap: reason=unstable_if action=reinterpret pc=0x00000000040d7894 method=org.apache.tomcat.util.bcel.classfile.JavaClass.<init>(IILjava/lang/String;IIILorg/apache/tomcat/util/bcel/classfile/ConstantPool;[I[Lorg/apache/tomcat/util/bcel/classfile/F

Classes redefined (0 events):
No events

Internal exceptions (10 events):
Event: 2.775 Thread 0x00000000033d2800 Implicit null exception at 0x00000000037d45d4 to 0x00000000037d4981
Event: 2.775 Thread 0x00000000033d2800 Implicit null exception at 0x00000000037a8356 to 0x00000000037a86f1
Event: 3.185 Thread 0x00000000033d2800 Implicit null exception at 0x0000000003995955 to 0x0000000003995b2d
Event: 3.200 Thread 0x00000000033d2800 Implicit null exception at 0x0000000003c3a277 to 0x0000000003c3a4c1
Event: 3.220 Thread 0x00000000033d2800 Implicit null exception at 0x0000000003bb69eb to 0x0000000003bb71e5
Event: 3.220 Thread 0x00000000033d2800 Implicit null exception at 0x0000000003c0fa1b to 0x0000000003c0fea5
Event: 4.609 Thread 0x00000000033d2800 Implicit null exception at 0x0000000003e40e3d to 0x0000000003e41265
Event: 6.182 Thread 0x00000000033d2800 Exception <a 'java/io/FileNotFoundException'> (0x00000000d7beba68) thrown at [C:\re\workspace\8-2-build-windows-amd64-cygwin\jdk8u162\10278\hotspot\src\share\vm\prims\jni.cpp, line 709]
Event: 10.303 Thread 0x000000001b87f800 Implicit null exception at 0x0000000003e5634f to 0x0000000003e56c79
Event: 14.473 Thread 0x000000001b87f800 Exception <a 'java/lang/OutOfMemoryError'> (0x00000000deffe6a8) thrown at [C:\re\workspace\8-2-build-windows-amd64-cygwin\jdk8u162\10278\hotspot\src\share\vm\prims\jni.cpp, line 735]

Events (10 events):
Event: 13.333 Thread 0x000000001a4b0800 flushing nmethod 0x0000000003a0ccd0
Event: 13.344 Thread 0x000000001a4b0800 flushing nmethod 0x0000000003b437d0
Event: 13.344 Thread 0x000000001a4b0800 flushing nmethod 0x0000000003b47a10
Event: 13.344 Thread 0x000000001a4b0800 flushing nmethod 0x0000000003b56d10
Event: 13.347 Thread 0x000000001a4b9000 flushing nmethod 0x0000000003bffd50
Event: 13.356 Thread 0x000000001a4b0800 flushing nmethod 0x0000000003cf4c90
Event: 13.356 Thread 0x000000001a4b0800 flushing nmethod 0x0000000003d15c10
Event: 13.359 Thread 0x000000001a4b0800 flushing nmethod 0x0000000003d4d410
Event: 13.363 Thread 0x000000001a4b0800 flushing nmethod 0x0000000003f06190
Event: 14.473 loading class java/util/zip/DataFormatException


Dynamic libraries:
0x00007ff646360000 - 0x00007ff646397000 	D:\jdk\jdk1.8.0_162\bin\java.exe
0x00007ffc70400000 - 0x00007ffc705e1000 	C:\Windows\SYSTEM32\ntdll.dll
0x00007ffc6ed50000 - 0x00007ffc6ee02000 	C:\Windows\System32\KERNEL32.DLL
0x00007ffc6d3c0000 - 0x00007ffc6d633000 	C:\Windows\System32\KERNELBASE.dll
0x00007ffc6f460000 - 0x00007ffc6f501000 	C:\Windows\System32\ADVAPI32.dll
0x00007ffc6ffa0000 - 0x00007ffc7003e000 	C:\Windows\System32\msvcrt.dll
0x00007ffc70070000 - 0x00007ffc700cb000 	C:\Windows\System32\sechost.dll
0x00007ffc6f9a0000 - 0x00007ffc6fac4000 	C:\Windows\System32\RPCRT4.dll
0x00007ffc6f810000 - 0x00007ffc6f9a0000 	C:\Windows\System32\USER32.dll
0x00007ffc6d340000 - 0x00007ffc6d360000 	C:\Windows\System32\win32u.dll
0x00007ffc6ee90000 - 0x00007ffc6eeb8000 	C:\Windows\System32\GDI32.dll
0x00007ffc6d640000 - 0x00007ffc6d7d2000 	C:\Windows\System32\gdi32full.dll
0x00007ffc6d2a0000 - 0x00007ffc6d33f000 	C:\Windows\System32\msvcp_win.dll
0x00007ffc6c7d0000 - 0x00007ffc6c8ca000 	C:\Windows\System32\ucrtbase.dll
0x00007ffc60cc0000 - 0x00007ffc60f29000 	C:\Windows\WinSxS\amd64_microsoft.windows.common-controls_6595b64144ccf1df_6.0.17134.285_none_fb4297e330656775\COMCTL32.dll
0x00007ffc6eec0000 - 0x00007ffc6f1e3000 	C:\Windows\System32\combase.dll
0x00007ffc6c8d0000 - 0x00007ffc6c94a000 	C:\Windows\System32\bcryptPrimitives.dll
0x00007ffc70040000 - 0x00007ffc7006d000 	C:\Windows\System32\IMM32.DLL
0x0000000058040000 - 0x0000000058111000 	D:\jdk\jdk1.8.0_162\jre\bin\msvcr100.dll
0x00000000577a0000 - 0x0000000058040000 	D:\jdk\jdk1.8.0_162\jre\bin\server\jvm.dll
0x00007ffc6f510000 - 0x00007ffc6f518000 	C:\Windows\System32\PSAPI.DLL
0x00007ffc6a7f0000 - 0x00007ffc6a813000 	C:\Windows\SYSTEM32\WINMM.dll
0x00007ffc64910000 - 0x00007ffc6491a000 	C:\Windows\SYSTEM32\VERSION.dll
0x00007ffc6a160000 - 0x00007ffc6a169000 	C:\Windows\SYSTEM32\WSOCK32.dll
0x00007ffc6fad0000 - 0x00007ffc6fb3c000 	C:\Windows\System32\WS2_32.dll
0x00007ffc6a7c0000 - 0x00007ffc6a7ea000 	C:\Windows\SYSTEM32\WINMMBASE.dll
0x00007ffc6c950000 - 0x00007ffc6c999000 	C:\Windows\System32\cfgmgr32.dll
0x0000000057790000 - 0x000000005779f000 	D:\jdk\jdk1.8.0_162\jre\bin\verify.dll
0x0000000057760000 - 0x0000000057789000 	D:\jdk\jdk1.8.0_162\jre\bin\java.dll
0x0000000056a50000 - 0x0000000056a73000 	D:\jdk\jdk1.8.0_162\jre\bin\instrument.dll
0x0000000057740000 - 0x0000000057756000 	D:\jdk\jdk1.8.0_162\jre\bin\zip.dll
0x00007ffc6d890000 - 0x00007ffc6ecd0000 	C:\Windows\System32\SHELL32.dll
0x00007ffc6f530000 - 0x00007ffc6f5d9000 	C:\Windows\System32\shcore.dll
0x00007ffc6c9a0000 - 0x00007ffc6d0ad000 	C:\Windows\System32\windows.storage.dll
0x00007ffc701d0000 - 0x00007ffc70221000 	C:\Windows\System32\shlwapi.dll
0x00007ffc6c710000 - 0x00007ffc6c721000 	C:\Windows\System32\kernel.appcore.dll
0x00007ffc6c7b0000 - 0x00007ffc6c7cf000 	C:\Windows\System32\profapi.dll
0x00007ffc6c760000 - 0x00007ffc6c7ac000 	C:\Windows\System32\powrprof.dll
0x00007ffc6c730000 - 0x00007ffc6c73a000 	C:\Windows\System32\FLTLIB.DLL
0x00007ffc65c40000 - 0x00007ffc65c5a000 	D:\IntelliJ IDEA 2017.3.4\bin\breakgen64.dll
0x0000000057720000 - 0x000000005773a000 	D:\jdk\jdk1.8.0_162\jre\bin\net.dll
0x00007ffc6bf90000 - 0x00007ffc6bff6000 	C:\Windows\system32\mswsock.dll
0x00007ffc6c140000 - 0x00007ffc6c157000 	C:\Windows\SYSTEM32\CRYPTSP.dll
0x00007ffc6bb70000 - 0x00007ffc6bba3000 	C:\Windows\system32\rsaenh.dll
0x00007ffc6c270000 - 0x00007ffc6c295000 	C:\Windows\SYSTEM32\bcrypt.dll
0x00007ffc6c640000 - 0x00007ffc6c668000 	C:\Windows\SYSTEM32\USERENV.dll
0x00007ffc6c160000 - 0x00007ffc6c16b000 	C:\Windows\SYSTEM32\CRYPTBASE.dll
0x00007ffc6bd10000 - 0x00007ffc6bd48000 	C:\Windows\SYSTEM32\IPHLPAPI.DLL
0x00007ffc6f520000 - 0x00007ffc6f528000 	C:\Windows\System32\NSI.dll
0x00007ffc66460000 - 0x00007ffc66476000 	C:\Windows\SYSTEM32\dhcpcsvc6.DLL
0x00007ffc66430000 - 0x00007ffc6644a000 	C:\Windows\SYSTEM32\dhcpcsvc.DLL
0x0000000057700000 - 0x0000000057711000 	D:\jdk\jdk1.8.0_162\jre\bin\nio.dll
0x00007ffc65c20000 - 0x00007ffc65c2a000 	C:\Users\zhangsanfeng\AppData\Local\Temp\jansi-1.17.1-8045327293593589989.dll
0x00007ffc657c0000 - 0x00007ffc657ca000 	C:\Users\zhangsanfeng\AppData\Local\Temp\jansi-1.17.1-8471729144864603708.dll
0x0000000056a40000 - 0x0000000056a4d000 	D:\jdk\jdk1.8.0_162\jre\bin\management.dll

VM Arguments:
jvm_args: -Dmaven.multiModuleProjectDirectory=D:\Ideawork\FirstItem_parent\FirstItem_search_service -Dmaven.home=D:\develop\apache-maven-3.5.4 -Dclassworlds.conf=D:\develop\apache-maven-3.5.4\bin\m2.conf -javaagent:D:\IntelliJ IDEA 2017.3.4\lib\idea_rt.jar=8013:D:\IntelliJ IDEA 2017.3.4\bin -Dfile.encoding=UTF-8 
java_command: org.codehaus.classworlds.Launcher -Didea.version=2017.3.4 -s D:\develop\apache-maven-3.5.4\conf\settings.xml -Dmaven.repo.local=D:\develop\apache-maven-3.5.4\repo tomcat7:run
java_class_path (initial): D:\develop\apache-maven-3.5.4\boot\plexus-classworlds-2.5.2.jar;D:\IntelliJ IDEA 2017.3.4\lib\idea_rt.jar
Launcher Type: SUN_STANDARD

Environment Variables:
JAVA_HOME=D:\Java\jdk-9.0.4
PATH=C:\Windows\system32;C:\Windows;C:\Windows\System32\Wbem;C:\Windows\System32\WindowsPowerShell\v1.0\;C:\Windows\System32\OpenSSH\;D:\Java\jdk-9.0.4\bin;D:\develop\apache-maven-3.5.4\bin;D:\Mysql\bin;C:\Program Files\VanDyke Software\Clients\;C:\Program Files\VisualSVN Server\bin;C:\Program Files\TortoiseSVN\bin;C:\Program Files\Git\cmd;C:\Program Files\TortoiseGit\bin;C:\Users\zhangsanfeng\AppData\Local\Microsoft\WindowsApps;
USERNAME=zhangsanfeng
OS=Windows_NT
PROCESSOR_IDENTIFIER=Intel64 Family 6 Model 94 Stepping 3, GenuineIntel



---------------  S Y S T E M  ---------------

OS: Windows 10.0 , 64 bit Build 17134 (10.0.17134.1)

CPU:total 8 (initial active 8) (4 cores per cpu, 2 threads per core) family 6 model 94 stepping 3, cmov, cx8, fxsr, mmx, sse, sse2, sse3, ssse3, sse4.1, sse4.2, popcnt, avx, avx2, aes, clmul, erms, rtm, 3dnowpref, lzcnt, ht, tsc, tscinvbit, bmi1, bmi2, adx

Memory: 4k page, physical 8266572k(1447708k free), swap 18682184k(52344k free)

vm_info: Java HotSpot(TM) 64-Bit Server VM (25.162-b12) for windows-amd64 JRE (1.8.0_162-b12), built on Dec 19 2017 20:00:03 by "java_re" with MS VC++ 10.0 (VS2010)

time: Sat Sep 29 12:20:44 2018
elapsed time: 14 seconds (0d 0h 0m 14s)

